33002 [Thread-4] INFO  backtype.storm.daemon.worker - Launching worker for RealtimeAnalyticsTopology-1-1425348656 on 528ce62c-eee5-497f-9f97-14d9079009e4:1024 with id 7954d30b-7c6f-4aeb-a82d-d6921b5cac70 and conf {"dev.zookeeper.path" "/tmp/dev-storm-zookeeper", "topology.tick.tuple.freq.secs" nil, "topology.builtin.metrics.bucket.size.secs" 60, "topology.fall.back.on.java.serialization" true, "topology.max.error.report.per.interval" 5, "zmq.linger.millis" 0, "topology.skip.missing.kryo.registrations" true, "storm.messaging.netty.client_worker_threads" 1, "ui.childopts" "-Xmx768m", "storm.zookeeper.session.timeout" 20000, "nimbus.reassign" true, "topology.trident.batch.emit.interval.millis" 50, "storm.messaging.netty.flush.check.interval.ms" 10, "nimbus.monitor.freq.secs" 10, "logviewer.childopts" "-Xmx128m", "java.library.path" "/usr/local/lib:/opt/local/lib:/usr/lib", "topology.executor.send.buffer.size" 1024, "storm.local.dir" "C:\\Users\\yanjun\\AppData\\Local\\Temp\\cbfb9b7c-a3bd-4280-93b4-74152de1c85a", "storm.messaging.netty.buffer_size" 5242880, "supervisor.worker.start.timeout.secs" 120, "topology.enable.message.timeouts" true, "nimbus.cleanup.inbox.freq.secs" 600, "nimbus.inbox.jar.expiration.secs" 3600, "drpc.worker.threads" 64, "storm.meta.serialization.delegate" "backtype.storm.serialization.DefaultSerializationDelegate", "topology.worker.shared.thread.pool.size" 4, "nimbus.host" "localhost", "storm.messaging.netty.min_wait_ms" 100, "storm.zookeeper.port" 2000, "transactional.zookeeper.port" nil, "topology.executor.receive.buffer.size" 1024, "transactional.zookeeper.servers" nil, "storm.zookeeper.root" "/storm", "storm.zookeeper.retry.intervalceiling.millis" 30000, "supervisor.enable" true, "storm.messaging.netty.server_worker_threads" 1, "storm.zookeeper.servers" ["localhost"], "transactional.zookeeper.root" "/transactional", "topology.acker.executors" nil, "topology.transfer.buffer.size" 1024, "topology.worker.childopts" nil, "drpc.queue.size" 128, "worker.childopts" "-Xmx768m", "supervisor.heartbeat.frequency.secs" 5, "topology.error.throttle.interval.secs" 10, "zmq.hwm" 0, "drpc.port" 3772, "supervisor.monitor.frequency.secs" 3, "drpc.childopts" "-Xmx768m", "topology.receiver.buffer.size" 8, "task.heartbeat.frequency.secs" 3, "topology.tasks" nil, "storm.messaging.netty.max_retries" 300, "topology.spout.wait.strategy" "backtype.storm.spout.SleepSpoutWaitStrategy", "nimbus.thrift.max_buffer_size" 1048576, "topology.max.spout.pending" nil, "storm.zookeeper.retry.interval" 1000, "topology.sleep.spout.wait.strategy.time.ms" 1, "nimbus.topology.validator" "backtype.storm.nimbus.DefaultTopologyValidator", "supervisor.slots.ports" (1024 1025 1026), "topology.environment" nil, "topology.debug" false, "nimbus.task.launch.secs" 120, "nimbus.supervisor.timeout.secs" 60, "topology.message.timeout.secs" 30, "task.refresh.poll.secs" 10, "topology.workers" 1, "supervisor.childopts" "-Xmx256m", "nimbus.thrift.port" 6627, "topology.stats.sample.rate" 0.05, "worker.heartbeat.frequency.secs" 1, "topology.tuple.serializer" "backtype.storm.serialization.types.ListDelegateSerializer", "topology.disruptor.wait.strategy" "com.lmax.disruptor.BlockingWaitStrategy", "topology.multilang.serializer" "backtype.storm.multilang.JsonSerializer", "nimbus.task.timeout.secs" 30, "storm.zookeeper.connection.timeout" 15000, "topology.kryo.factory" "backtype.storm.serialization.DefaultKryoFactory", "drpc.invocations.port" 3773, "logviewer.port" 8000, "zmq.threads" 1, "storm.zookeeper.retry.times" 5, "topology.worker.receiver.thread.count" 1, "storm.thrift.transport" "backtype.storm.security.auth.SimpleTransportPlugin", "topology.state.synchronization.timeout.secs" 60, "supervisor.worker.timeout.secs" 30, "nimbus.file.copy.expiration.secs" 600, "storm.messaging.transport" "backtype.storm.messaging.netty.Context", "logviewer.appender.name" "A1", "storm.messaging.netty.max_wait_ms" 1000, "drpc.request.timeout.secs" 600, "storm.local.mode.zmq" false, "ui.port" 8080, "nimbus.childopts" "-Xmx1024m", "storm.cluster.mode" "local", "topology.max.task.parallelism" nil, "storm.messaging.netty.transfer.batch.size" 262144, "topology.classpath" nil}
33002 [Thread-4] INFO  backtype.storm.utils.StormBoundedExponentialBackoffRetry - The baseSleepTimeMs [1000] the maxSleepTimeMs [30000] the maxRetries [5]
33003 [Thread-4] INFO  org.apache.storm.curator.framework.imps.CuratorFrameworkImpl - Starting
33003 [Thread-4] INFO  org.apache.storm.zookeeper.ZooKeeper - Initiating client connection, connectString=localhost:2000 sessionTimeout=20000 watcher=org.apache.storm.curator.ConnectionState@78627aa9
33005 [Thread-4-SendThread(0:0:0:0:0:0:0:1:2000)] INFO  org.apache.storm.zookeeper.ClientCnxn - Opening socket connection to server 0:0:0:0:0:0:0:1/0:0:0:0:0:0:0:1:2000. Will not attempt to authenticate using SASL (unknown error)
33005 [Thread-4-SendThread(0:0:0:0:0:0:0:1:2000)] INFO  org.apache.storm.zookeeper.ClientCnxn - Socket connection established to 0:0:0:0:0:0:0:1/0:0:0:0:0:0:0:1:2000, initiating session
33005 [NIOServerCxn.Factory:0.0.0.0/0.0.0.0:2000] INFO  org.apache.storm.zookeeper.server.NIOServerCnxnFactory - Accepted socket connection from /0:0:0:0:0:0:0:1:58325
33005 [NIOServerCxn.Factory:0.0.0.0/0.0.0.0:2000] INFO  org.apache.storm.zookeeper.server.ZooKeeperServer - Client attempting to establish new session at /0:0:0:0:0:0:0:1:58325
33007 [SyncThread:0] INFO  org.apache.storm.zookeeper.server.ZooKeeperServer - Established session 0x14bdd6653a0000a with negotiated timeout 20000 for client /0:0:0:0:0:0:0:1:58325
33007 [Thread-4-SendThread(0:0:0:0:0:0:0:1:2000)] INFO  org.apache.storm.zookeeper.ClientCnxn - Session establishment complete on server 0:0:0:0:0:0:0:1/0:0:0:0:0:0:0:1:2000, sessionid = 0x14bdd6653a0000a, negotiated timeout = 20000
33007 [Thread-4-EventThread] INFO  org.apache.storm.curator.framework.state.ConnectionStateManager - State change: CONNECTED
33008 [Thread-4-EventThread] INFO  backtype.storm.zookeeper - Zookeeper state update: :connected:none
33009 [ProcessThread(sid:0 cport:-1):] INFO  org.apache.storm.zookeeper.server.PrepRequestProcessor - Processed session termination for sessionid: 0x14bdd6653a0000a
33010 [Thread-4] INFO  org.apache.storm.zookeeper.ZooKeeper - Session: 0x14bdd6653a0000a closed
33010 [Thread-4-EventThread] INFO  org.apache.storm.zookeeper.ClientCnxn - EventThread shut down
33010 [NIOServerCxn.Factory:0.0.0.0/0.0.0.0:2000] INFO  org.apache.storm.zookeeper.server.NIOServerCnxn - Closed socket connection for client /0:0:0:0:0:0:0:1:58325 which had sessionid 0x14bdd6653a0000a
33010 [Thread-4] INFO  backtype.storm.utils.StormBoundedExponentialBackoffRetry - The baseSleepTimeMs [1000] the maxSleepTimeMs [30000] the maxRetries [5]
33011 [Thread-4] INFO  org.apache.storm.curator.framework.imps.CuratorFrameworkImpl - Starting
33011 [Thread-4] INFO  org.apache.storm.zookeeper.ZooKeeper - Initiating client connection, connectString=localhost:2000/storm sessionTimeout=20000 watcher=org.apache.storm.curator.ConnectionState@6f146a55
33012 [Thread-4-SendThread(127.0.0.1:2000)] INFO  org.apache.storm.zookeeper.ClientCnxn - Opening socket connection to server 127.0.0.1/127.0.0.1:2000. Will not attempt to authenticate using SASL (unknown error)
33012 [Thread-4-SendThread(127.0.0.1:2000)] INFO  org.apache.storm.zookeeper.ClientCnxn - Socket connection established to 127.0.0.1/127.0.0.1:2000, initiating session
33012 [NIOServerCxn.Factory:0.0.0.0/0.0.0.0:2000] INFO  org.apache.storm.zookeeper.server.NIOServerCnxnFactory - Accepted socket connection from /127.0.0.1:58328
33013 [NIOServerCxn.Factory:0.0.0.0/0.0.0.0:2000] INFO  org.apache.storm.zookeeper.server.ZooKeeperServer - Client attempting to establish new session at /127.0.0.1:58328
33014 [SyncThread:0] INFO  org.apache.storm.zookeeper.server.ZooKeeperServer - Established session 0x14bdd6653a0000b with negotiated timeout 20000 for client /127.0.0.1:58328
33014 [Thread-4-SendThread(127.0.0.1:2000)] INFO  org.apache.storm.zookeeper.ClientCnxn - Session establishment complete on server 127.0.0.1/127.0.0.1:2000, sessionid = 0x14bdd6653a0000b, negotiated timeout = 20000
33014 [Thread-4-EventThread] INFO  org.apache.storm.curator.framework.state.ConnectionStateManager - State change: CONNECTED
33019 [Thread-4] INFO  backtype.storm.daemon.worker - Reading Assignments.
33290 [Thread-4] INFO  backtype.storm.daemon.executor - Loading executor event-filter:[2 2]
33298 [Thread-4] INFO  backtype.storm.daemon.task - Emitting: event-filter __system ["startup"]
33298 [Thread-4] INFO  backtype.storm.daemon.executor - Loaded executor tasks event-filter:[2 2]
33310 [Thread-4] INFO  backtype.storm.daemon.executor - Finished loading executor event-filter:[2 2]
33321 [Thread-8-event-filter] INFO  backtype.storm.daemon.executor - Preparing bolt event-filter:(2)
33326 [Thread-4] INFO  backtype.storm.daemon.executor - Loading executor event-stat-persistence:[3 3]
33328 [Thread-4] INFO  backtype.storm.daemon.task - Emitting: event-stat-persistence __system ["startup"]
33328 [Thread-4] INFO  backtype.storm.daemon.executor - Loaded executor tasks event-stat-persistence:[3 3]
33331 [Thread-4] INFO  backtype.storm.daemon.executor - Finished loading executor event-stat-persistence:[3 3]
33341 [Thread-8-event-filter] INFO  org.shirdrn.storm.analytics.utils.RealtimeUtils - Registering indicator calculators:
33347 [Thread-10-event-stat-persistence] INFO  backtype.storm.daemon.executor - Preparing bolt event-stat-persistence:(3)
33353 [Thread-4] INFO  backtype.storm.daemon.executor - Loading executor event-stat-persistence:[4 4]
33354 [Thread-4] INFO  backtype.storm.daemon.task - Emitting: event-stat-persistence __system ["startup"]
33354 [Thread-4] INFO  backtype.storm.daemon.executor - Loaded executor tasks event-stat-persistence:[4 4]
33356 [Thread-4] INFO  backtype.storm.daemon.executor - Finished loading executor event-stat-persistence:[4 4]
33366 [Thread-4] INFO  backtype.storm.daemon.executor - Loading executor event-statistics:[5 5]
33368 [Thread-4] INFO  backtype.storm.daemon.task - Emitting: event-statistics __system ["startup"]
33372 [Thread-12-event-stat-persistence] INFO  backtype.storm.daemon.executor - Preparing bolt event-stat-persistence:(4)
33374 [Thread-8-event-filter] INFO  org.shirdrn.storm.api.utils.IndicatorCalculatorFactory - Factory registered: 01 <-> org.shirdrn.storm.analytics.calculators.UserDeviceInfoCalculator
33375 [Thread-8-event-filter] INFO  org.shirdrn.storm.api.utils.IndicatorCalculatorFactory - Factory registered: 02 <-> org.shirdrn.storm.analytics.calculators.UserDynamicInfoCalculator
33375 [Thread-12-event-stat-persistence] INFO  org.shirdrn.storm.analytics.bolts.EventStatResultPersistBolt - Configure: parallelism=1
33375 [Thread-10-event-stat-persistence] INFO  org.shirdrn.storm.analytics.bolts.EventStatResultPersistBolt - Configure: parallelism=1
33376 [Thread-8-event-filter] INFO  org.shirdrn.storm.api.utils.IndicatorCalculatorFactory - Factory registered: 12 <-> org.shirdrn.storm.analytics.calculators.OpenAUCalculator
33377 [Thread-4] INFO  backtype.storm.daemon.executor - Loaded executor tasks event-statistics:[5 5]
33377 [Thread-8-event-filter] INFO  org.shirdrn.storm.api.utils.IndicatorCalculatorFactory - Factory registered: 11 <-> org.shirdrn.storm.analytics.calculators.OpenNUCalculator
33378 [Thread-8-event-filter] INFO  org.shirdrn.storm.api.utils.IndicatorCalculatorFactory - Factory registered: 13 <-> org.shirdrn.storm.analytics.calculators.OpenTimesCalculator
33378 [Thread-4] INFO  backtype.storm.daemon.executor - Finished loading executor event-statistics:[5 5]
33379 [Thread-8-event-filter] INFO  org.shirdrn.storm.api.utils.IndicatorCalculatorFactory - Factory registered: 22 <-> org.shirdrn.storm.analytics.calculators.PlayAUCalculator
33379 [Thread-14-event-statistics] INFO  backtype.storm.daemon.executor - Preparing bolt event-statistics:(5)
33379 [Thread-14-event-statistics] INFO  org.shirdrn.storm.analytics.utils.RealtimeUtils - Registering indicator calculators:
33380 [Thread-14-event-statistics] INFO  org.shirdrn.storm.api.utils.IndicatorCalculatorFactory - Factory registered: 32 <-> org.shirdrn.storm.analytics.calculators.PlayAUDurationCalculator
33380 [Thread-14-event-statistics] INFO  org.shirdrn.storm.api.utils.IndicatorCalculatorFactory - Factory registered: 21 <-> org.shirdrn.storm.analytics.calculators.PlayNUCalculator
33381 [Thread-14-event-statistics] INFO  org.shirdrn.storm.api.utils.IndicatorCalculatorFactory - Factory registered: 31 <-> org.shirdrn.storm.analytics.calculators.PlayNUDurationCalculator
33381 [Thread-10-event-stat-persistence] INFO  org.shirdrn.storm.spring.SpringContextFactory - Initializing context for: name=realtime, configs=[classpath*:/applicationContext.xml]
33382 [Thread-14-event-statistics] INFO  org.shirdrn.storm.api.utils.IndicatorCalculatorFactory - Factory registered: 23 <-> org.shirdrn.storm.analytics.calculators.PlayTimesCalculator
33382 [Thread-14-event-statistics] INFO  org.shirdrn.storm.analytics.utils.RealtimeUtils - Registered.
33382 [Thread-8-event-filter] INFO  org.shirdrn.storm.analytics.utils.RealtimeUtils - Registered.
33387 [Thread-4] INFO  backtype.storm.daemon.executor - Loading executor event-statistics:[6 6]
33388 [Thread-4] INFO  backtype.storm.daemon.task - Emitting: event-statistics __system ["startup"]
33388 [Thread-4] INFO  backtype.storm.daemon.executor - Loaded executor tasks event-statistics:[6 6]
33389 [Thread-16-event-statistics] INFO  backtype.storm.daemon.executor - Preparing bolt event-statistics:(6)
33389 [Thread-4] INFO  backtype.storm.daemon.executor - Finished loading executor event-statistics:[6 6]
33390 [Thread-16-event-statistics] INFO  org.shirdrn.storm.analytics.utils.RealtimeUtils - Registering indicator calculators:
33390 [Thread-16-event-statistics] INFO  org.shirdrn.storm.analytics.utils.RealtimeUtils - Registered.
33390 [Thread-16-event-statistics] INFO  org.shirdrn.storm.api.common.GenericEventHandlerManager - Mapped event handler: 101013 -> org.shirdrn.storm.analytics.handlers.PlayStartEventHandler@16b4417b
33390 [Thread-14-event-statistics] INFO  org.shirdrn.storm.api.common.GenericEventHandlerManager - Mapped event handler: 101013 -> org.shirdrn.storm.analytics.handlers.PlayStartEventHandler@1213f2b
33390 [Thread-8-event-filter] INFO  org.shirdrn.storm.api.common.GenericEventHandlerManager - Mapped event handler: 101013 -> org.shirdrn.storm.analytics.handlers.PlayStartEventHandler@2dba20a1
33390 [Thread-16-event-statistics] INFO  org.shirdrn.storm.api.common.GenericEventHandlerManager - Mapped event handler: 101010 -> org.shirdrn.storm.analytics.handlers.PlayEndEventHandler@22fbc1cd
33391 [Thread-8-event-filter] INFO  org.shirdrn.storm.api.common.GenericEventHandlerManager - Mapped event handler: 101010 -> org.shirdrn.storm.analytics.handlers.PlayEndEventHandler@3e708bac
33391 [Thread-14-event-statistics] INFO  org.shirdrn.storm.api.common.GenericEventHandlerManager - Mapped event handler: 101010 -> org.shirdrn.storm.analytics.handlers.PlayEndEventHandler@5a424a96
33391 [Thread-8-event-filter] INFO  org.shirdrn.storm.api.common.GenericEventHandlerManager - Mapped event handler: 100010 -> org.shirdrn.storm.analytics.handlers.OpenEventHandler@7c76093
33391 [Thread-14-event-statistics] INFO  org.shirdrn.storm.api.common.GenericEventHandlerManager - Mapped event handler: 100010 -> org.shirdrn.storm.analytics.handlers.OpenEventHandler@3bd95296
33391 [Thread-16-event-statistics] INFO  org.shirdrn.storm.api.common.GenericEventHandlerManager - Mapped event handler: 100010 -> org.shirdrn.storm.analytics.handlers.OpenEventHandler@3526a89c
33391 [Thread-16-event-statistics] INFO  org.shirdrn.storm.api.common.GenericEventHandlerManager - Mapped event handler: 400000 -> org.shirdrn.storm.analytics.handlers.InstallEventHandler@4fddd0b
33391 [Thread-8-event-filter] INFO  org.shirdrn.storm.api.common.GenericEventHandlerManager - Mapped event handler: 400000 -> org.shirdrn.storm.analytics.handlers.InstallEventHandler@7d07b506
33391 [Thread-14-event-statistics] INFO  org.shirdrn.storm.api.common.GenericEventHandlerManager - Mapped event handler: 400000 -> org.shirdrn.storm.analytics.handlers.InstallEventHandler@36baffbc
33392 [Thread-14-event-statistics] INFO  org.shirdrn.storm.api.common.GenericEventHandler - Registered[InstallEventHandler	] 400000 -> 01 -> org.shirdrn.storm.analytics.calculators.UserDeviceInfoCalculator@3fb0ea5a
33392 [Thread-14-event-statistics] INFO  org.shirdrn.storm.api.common.GenericEventHandlerManager - Indicator registered for: org.shirdrn.storm.analytics.handlers.InstallEventHandler@36baffbc
33392 [Thread-14-event-statistics] INFO  org.shirdrn.storm.api.common.GenericEventHandler - Registered[PlayEndEventHandler	] 101010 -> 31 -> org.shirdrn.storm.analytics.calculators.PlayNUDurationCalculator@77e9db60
33392 [Thread-8-event-filter] INFO  org.shirdrn.storm.api.common.GenericEventHandler - Registered[InstallEventHandler	] 400000 -> 01 -> org.shirdrn.storm.analytics.calculators.UserDeviceInfoCalculator@3fb0ea5a
33392 [Thread-8-event-filter] INFO  org.shirdrn.storm.api.common.GenericEventHandlerManager - Indicator registered for: org.shirdrn.storm.analytics.handlers.InstallEventHandler@7d07b506
33392 [Thread-14-event-statistics] INFO  org.shirdrn.storm.api.common.GenericEventHandler - Registered[PlayEndEventHandler	] 101010 -> 32 -> org.shirdrn.storm.analytics.calculators.PlayAUDurationCalculator@1a41b921
33392 [Thread-14-event-statistics] INFO  org.shirdrn.storm.api.common.GenericEventHandlerManager - Indicator registered for: org.shirdrn.storm.analytics.handlers.PlayEndEventHandler@5a424a96
33392 [Thread-8-event-filter] INFO  org.shirdrn.storm.api.common.GenericEventHandler - Registered[PlayEndEventHandler	] 101010 -> 31 -> org.shirdrn.storm.analytics.calculators.PlayNUDurationCalculator@77e9db60
33392 [Thread-14-event-statistics] INFO  org.shirdrn.storm.api.common.GenericEventHandler - Registered[PlayStartEventHandler	] 101013 -> 02 -> org.shirdrn.storm.analytics.calculators.UserDynamicInfoCalculator@70daeb2d
33393 [Thread-14-event-statistics] INFO  org.shirdrn.storm.api.common.GenericEventHandler - Registered[PlayStartEventHandler	] 101013 -> 21 -> org.shirdrn.storm.analytics.calculators.PlayNUCalculator@1204b6e9
33393 [Thread-16-event-statistics] INFO  org.shirdrn.storm.api.common.GenericEventHandler - Registered[InstallEventHandler	] 400000 -> 01 -> org.shirdrn.storm.analytics.calculators.UserDeviceInfoCalculator@3fb0ea5a
33393 [Thread-16-event-statistics] INFO  org.shirdrn.storm.api.common.GenericEventHandlerManager - Indicator registered for: org.shirdrn.storm.analytics.handlers.InstallEventHandler@4fddd0b
33393 [Thread-14-event-statistics] INFO  org.shirdrn.storm.api.common.GenericEventHandler - Registered[PlayStartEventHandler	] 101013 -> 22 -> org.shirdrn.storm.analytics.calculators.PlayAUCalculator@7384843c
33393 [Thread-16-event-statistics] INFO  org.shirdrn.storm.api.common.GenericEventHandler - Registered[PlayEndEventHandler	] 101010 -> 31 -> org.shirdrn.storm.analytics.calculators.PlayNUDurationCalculator@77e9db60
33393 [Thread-14-event-statistics] INFO  org.shirdrn.storm.api.common.GenericEventHandler - Registered[PlayStartEventHandler	] 101013 -> 23 -> org.shirdrn.storm.analytics.calculators.PlayTimesCalculator@105ba64
33393 [Thread-14-event-statistics] INFO  org.shirdrn.storm.api.common.GenericEventHandlerManager - Indicator registered for: org.shirdrn.storm.analytics.handlers.PlayStartEventHandler@1213f2b
33393 [Thread-16-event-statistics] INFO  org.shirdrn.storm.api.common.GenericEventHandler - Registered[PlayEndEventHandler	] 101010 -> 32 -> org.shirdrn.storm.analytics.calculators.PlayAUDurationCalculator@1a41b921
33393 [Thread-8-event-filter] INFO  org.shirdrn.storm.api.common.GenericEventHandler - Registered[PlayEndEventHandler	] 101010 -> 32 -> org.shirdrn.storm.analytics.calculators.PlayAUDurationCalculator@1a41b921
33393 [Thread-8-event-filter] INFO  org.shirdrn.storm.api.common.GenericEventHandlerManager - Indicator registered for: org.shirdrn.storm.analytics.handlers.PlayEndEventHandler@3e708bac
33393 [Thread-16-event-statistics] INFO  org.shirdrn.storm.api.common.GenericEventHandlerManager - Indicator registered for: org.shirdrn.storm.analytics.handlers.PlayEndEventHandler@22fbc1cd
33393 [Thread-8-event-filter] INFO  org.shirdrn.storm.api.common.GenericEventHandler - Registered[PlayStartEventHandler	] 101013 -> 02 -> org.shirdrn.storm.analytics.calculators.UserDynamicInfoCalculator@70daeb2d
33393 [Thread-16-event-statistics] INFO  org.shirdrn.storm.api.common.GenericEventHandler - Registered[PlayStartEventHandler	] 101013 -> 02 -> org.shirdrn.storm.analytics.calculators.UserDynamicInfoCalculator@70daeb2d
33393 [Thread-8-event-filter] INFO  org.shirdrn.storm.api.common.GenericEventHandler - Registered[PlayStartEventHandler	] 101013 -> 21 -> org.shirdrn.storm.analytics.calculators.PlayNUCalculator@1204b6e9
33393 [Thread-16-event-statistics] INFO  org.shirdrn.storm.api.common.GenericEventHandler - Registered[PlayStartEventHandler	] 101013 -> 21 -> org.shirdrn.storm.analytics.calculators.PlayNUCalculator@1204b6e9
33393 [Thread-8-event-filter] INFO  org.shirdrn.storm.api.common.GenericEventHandler - Registered[PlayStartEventHandler	] 101013 -> 22 -> org.shirdrn.storm.analytics.calculators.PlayAUCalculator@7384843c
33393 [Thread-16-event-statistics] INFO  org.shirdrn.storm.api.common.GenericEventHandler - Registered[PlayStartEventHandler	] 101013 -> 22 -> org.shirdrn.storm.analytics.calculators.PlayAUCalculator@7384843c
33393 [Thread-8-event-filter] INFO  org.shirdrn.storm.api.common.GenericEventHandler - Registered[PlayStartEventHandler	] 101013 -> 23 -> org.shirdrn.storm.analytics.calculators.PlayTimesCalculator@105ba64
33393 [Thread-8-event-filter] INFO  org.shirdrn.storm.api.common.GenericEventHandlerManager - Indicator registered for: org.shirdrn.storm.analytics.handlers.PlayStartEventHandler@2dba20a1
33393 [Thread-16-event-statistics] INFO  org.shirdrn.storm.api.common.GenericEventHandler - Registered[PlayStartEventHandler	] 101013 -> 23 -> org.shirdrn.storm.analytics.calculators.PlayTimesCalculator@105ba64
33393 [Thread-14-event-statistics] INFO  org.shirdrn.storm.api.common.GenericEventHandler - Registered[OpenEventHandler	] 100010 -> 02 -> org.shirdrn.storm.analytics.calculators.UserDynamicInfoCalculator@70daeb2d
33394 [Thread-16-event-statistics] INFO  org.shirdrn.storm.api.common.GenericEventHandlerManager - Indicator registered for: org.shirdrn.storm.analytics.handlers.PlayStartEventHandler@16b4417b
33394 [Thread-14-event-statistics] INFO  org.shirdrn.storm.api.common.GenericEventHandler - Registered[OpenEventHandler	] 100010 -> 11 -> org.shirdrn.storm.analytics.calculators.OpenNUCalculator@7bc414e9
33394 [Thread-16-event-statistics] INFO  org.shirdrn.storm.api.common.GenericEventHandler - Registered[OpenEventHandler	] 100010 -> 02 -> org.shirdrn.storm.analytics.calculators.UserDynamicInfoCalculator@70daeb2d
33394 [Thread-14-event-statistics] INFO  org.shirdrn.storm.api.common.GenericEventHandler - Registered[OpenEventHandler	] 100010 -> 12 -> org.shirdrn.storm.analytics.calculators.OpenAUCalculator@4aa742bc
33394 [Thread-16-event-statistics] INFO  org.shirdrn.storm.api.common.GenericEventHandler - Registered[OpenEventHandler	] 100010 -> 11 -> org.shirdrn.storm.analytics.calculators.OpenNUCalculator@7bc414e9
33394 [Thread-14-event-statistics] INFO  org.shirdrn.storm.api.common.GenericEventHandler - Registered[OpenEventHandler	] 100010 -> 13 -> org.shirdrn.storm.analytics.calculators.OpenTimesCalculator@2b0e6aee
33394 [Thread-16-event-statistics] INFO  org.shirdrn.storm.api.common.GenericEventHandler - Registered[OpenEventHandler	] 100010 -> 12 -> org.shirdrn.storm.analytics.calculators.OpenAUCalculator@4aa742bc
33394 [Thread-16-event-statistics] INFO  org.shirdrn.storm.api.common.GenericEventHandler - Registered[OpenEventHandler	] 100010 -> 13 -> org.shirdrn.storm.analytics.calculators.OpenTimesCalculator@2b0e6aee
33394 [Thread-16-event-statistics] INFO  org.shirdrn.storm.api.common.GenericEventHandlerManager - Indicator registered for: org.shirdrn.storm.analytics.handlers.OpenEventHandler@3526a89c
33393 [Thread-8-event-filter] INFO  org.shirdrn.storm.api.common.GenericEventHandler - Registered[OpenEventHandler	] 100010 -> 02 -> org.shirdrn.storm.analytics.calculators.UserDynamicInfoCalculator@70daeb2d
33394 [Thread-8-event-filter] INFO  org.shirdrn.storm.api.common.GenericEventHandler - Registered[OpenEventHandler	] 100010 -> 11 -> org.shirdrn.storm.analytics.calculators.OpenNUCalculator@7bc414e9
33394 [Thread-8-event-filter] INFO  org.shirdrn.storm.api.common.GenericEventHandler - Registered[OpenEventHandler	] 100010 -> 12 -> org.shirdrn.storm.analytics.calculators.OpenAUCalculator@4aa742bc
33394 [Thread-8-event-filter] INFO  org.shirdrn.storm.api.common.GenericEventHandler - Registered[OpenEventHandler	] 100010 -> 13 -> org.shirdrn.storm.analytics.calculators.OpenTimesCalculator@2b0e6aee
33394 [Thread-8-event-filter] INFO  org.shirdrn.storm.api.common.GenericEventHandlerManager - Indicator registered for: org.shirdrn.storm.analytics.handlers.OpenEventHandler@7c76093
33394 [Thread-14-event-statistics] INFO  org.shirdrn.storm.api.common.GenericEventHandlerManager - Indicator registered for: org.shirdrn.storm.analytics.handlers.OpenEventHandler@3bd95296
33400 [Thread-4] INFO  backtype.storm.daemon.executor - Loading executor kafka-event-reader:[7 7]
33401 [Thread-4] INFO  backtype.storm.daemon.task - Emitting: kafka-event-reader __system ["startup"]
33401 [Thread-4] INFO  backtype.storm.daemon.executor - Loaded executor tasks kafka-event-reader:[7 7]
33407 [Thread-4] INFO  backtype.storm.daemon.executor - Finished loading executor kafka-event-reader:[7 7]
33409 [Thread-18-kafka-event-reader] INFO  backtype.storm.daemon.executor - Opening spout kafka-event-reader:(7)
33411 [Thread-18-kafka-event-reader] INFO  backtype.storm.daemon.executor - Opened spout kafka-event-reader:(7)
33415 [Thread-18-kafka-event-reader] INFO  backtype.storm.daemon.executor - Activating spout kafka-event-reader:(7)
33415 [Thread-18-kafka-event-reader] INFO  backtype.storm.daemon.task - Emitting: kafka-event-reader default [{"event_code":"400000","install_id":"000000HX","udid":"ABCQQQQQQQQQQQQQQQQQQCBA","event_time":"2015-03-03 05:51:12","app_key":"1","os_type":0,"version":"3.1.2","channel":"A-Faster"}]
33415 [Thread-4] INFO  backtype.storm.daemon.executor - Loading executor __system:[-1 -1]
33416 [Thread-18-kafka-event-reader] INFO  org.shirdrn.storm.analytics.utils.TestUtils$TestSpout - Spout emitted: {"event_code":"400000","install_id":"000000HX","udid":"ABCQQQQQQQQQQQQQQQQQQCBA","event_time":"2015-03-03 05:51:12","app_key":"1","os_type":0,"version":"3.1.2","channel":"A-Faster"}
33416 [Thread-4] INFO  backtype.storm.daemon.task - Emitting: __system __system ["startup"]
33416 [Thread-4] INFO  backtype.storm.daemon.executor - Loaded executor tasks __system:[-1 -1]
33417 [Thread-4] INFO  backtype.storm.daemon.executor - Finished loading executor __system:[-1 -1]
33417 [Thread-20-__system] INFO  backtype.storm.daemon.executor - Preparing bolt __system:(-1)
33421 [Thread-18-kafka-event-reader] INFO  backtype.storm.daemon.task - Emitting: kafka-event-reader default [{"event_code":"100010","install_id":"000000HX","udid":"ABCQQQQQQQQQQQQQQQQQQCBA","event_time":"2015-03-03 07:11:48"}]
33421 [Thread-18-kafka-event-reader] INFO  org.shirdrn.storm.analytics.utils.TestUtils$TestSpout - Spout emitted: {"event_code":"100010","install_id":"000000HX","udid":"ABCQQQQQQQQQQQQQQQQQQCBA","event_time":"2015-03-03 07:11:48"}
33421 [Thread-20-__system] INFO  backtype.storm.daemon.executor - Prepared bolt __system:(-1)
33425 [Thread-4] INFO  backtype.storm.daemon.executor - Loading executor __acker:[1 1]
33426 [Thread-18-kafka-event-reader] INFO  backtype.storm.daemon.task - Emitting: kafka-event-reader default [{"event_code":"100010","install_id":"000000HX","udid":"ABCQQQQQQQQQQQQQQQQQQCBA","event_time":"2015-03-03 08:45:09"}]
33426 [Thread-18-kafka-event-reader] INFO  org.shirdrn.storm.analytics.utils.TestUtils$TestSpout - Spout emitted: {"event_code":"100010","install_id":"000000HX","udid":"ABCQQQQQQQQQQQQQQQQQQCBA","event_time":"2015-03-03 08:45:09"}
33426 [Thread-4] INFO  backtype.storm.daemon.task - Emitting: __acker __system ["startup"]
33427 [Thread-4] INFO  backtype.storm.daemon.executor - Loaded executor tasks __acker:[1 1]
33431 [Thread-4] INFO  backtype.storm.daemon.executor - Timeouts disabled for executor __acker:[1 1]
33431 [Thread-22-__acker] INFO  backtype.storm.daemon.executor - Preparing bolt __acker:(1)
33431 [Thread-4] INFO  backtype.storm.daemon.executor - Finished loading executor __acker:[1 1]
33431 [Thread-4] INFO  backtype.storm.daemon.worker - Launching receive-thread for 528ce62c-eee5-497f-9f97-14d9079009e4:1024
33431 [Thread-18-kafka-event-reader] INFO  backtype.storm.daemon.task - Emitting: kafka-event-reader default [{"event_code":"101013","install_id":"000000HX","udid":"ABCQQQQQQQQQQQQQQQQQQCBA","event_time":"2015-03-03 08:00:15"}]
33431 [Thread-18-kafka-event-reader] INFO  org.shirdrn.storm.analytics.utils.TestUtils$TestSpout - Spout emitted: {"event_code":"101013","install_id":"000000HX","udid":"ABCQQQQQQQQQQQQQQQQQQCBA","event_time":"2015-03-03 08:00:15"}
33433 [Thread-22-__acker] INFO  backtype.storm.daemon.executor - Prepared bolt __acker:(1)
33438 [Thread-18-kafka-event-reader] INFO  backtype.storm.daemon.task - Emitting: kafka-event-reader default [{"event_code":"101013","install_id":"000000HX","udid":"ABCQQQQQQQQQQQQQQQQQQCBA","event_time":"2015-03-03 09:09:57"}]
33438 [Thread-23-worker-receiver-thread-0] INFO  backtype.storm.messaging.loader - Starting receive-thread: [stormId: RealtimeAnalyticsTopology-1-1425348656, port: 1024, thread-id: 0 ]
33438 [Thread-18-kafka-event-reader] INFO  org.shirdrn.storm.analytics.utils.TestUtils$TestSpout - Spout emitted: {"event_code":"101013","install_id":"000000HX","udid":"ABCQQQQQQQQQQQQQQQQQQCBA","event_time":"2015-03-03 09:09:57"}
33442 [Thread-4] INFO  backtype.storm.daemon.worker - Worker has topology config {"storm.id" "RealtimeAnalyticsTopology-1-1425348656", "dev.zookeeper.path" "/tmp/dev-storm-zookeeper", "topology.tick.tuple.freq.secs" nil, "topology.builtin.metrics.bucket.size.secs" 60, "topology.fall.back.on.java.serialization" true, "topology.max.error.report.per.interval" 5, "zmq.linger.millis" 0, "topology.skip.missing.kryo.registrations" true, "storm.messaging.netty.client_worker_threads" 1, "ui.childopts" "-Xmx768m", "storm.zookeeper.session.timeout" 20000, "nimbus.reassign" true, "topology.trident.batch.emit.interval.millis" 50, "storm.messaging.netty.flush.check.interval.ms" 10, "nimbus.monitor.freq.secs" 10, "logviewer.childopts" "-Xmx128m", "java.library.path" "/usr/local/lib:/opt/local/lib:/usr/lib", "topology.executor.send.buffer.size" 1024, "storm.local.dir" "C:\\Users\\yanjun\\AppData\\Local\\Temp\\cbfb9b7c-a3bd-4280-93b4-74152de1c85a", "storm.messaging.netty.buffer_size" 5242880, "supervisor.worker.start.timeout.secs" 120, "topology.enable.message.timeouts" true, "nimbus.cleanup.inbox.freq.secs" 600, "nimbus.inbox.jar.expiration.secs" 3600, "drpc.worker.threads" 64, "storm.meta.serialization.delegate" "backtype.storm.serialization.DefaultSerializationDelegate", "topology.worker.shared.thread.pool.size" 4, "nimbus.host" "localhost", "storm.messaging.netty.min_wait_ms" 100, "storm.zookeeper.port" 2000, "transactional.zookeeper.port" nil, "topology.executor.receive.buffer.size" 1024, "transactional.zookeeper.servers" nil, "storm.zookeeper.root" "/storm", "storm.zookeeper.retry.intervalceiling.millis" 30000, "supervisor.enable" true, "storm.messaging.netty.server_worker_threads" 1, "storm.zookeeper.servers" ["localhost"], "transactional.zookeeper.root" "/transactional", "topology.acker.executors" nil, "topology.kryo.decorators" (), "topology.name" "RealtimeAnalyticsTopology", "topology.transfer.buffer.size" 1024, "topology.worker.childopts" nil, "drpc.queue.size" 128, "worker.childopts" "-Xmx768m", "supervisor.heartbeat.frequency.secs" 5, "topology.error.throttle.interval.secs" 10, "zmq.hwm" 0, "drpc.port" 3772, "supervisor.monitor.frequency.secs" 3, "drpc.childopts" "-Xmx768m", "topology.receiver.buffer.size" 8, "task.heartbeat.frequency.secs" 3, "topology.tasks" nil, "storm.messaging.netty.max_retries" 300, "topology.spout.wait.strategy" "backtype.storm.spout.SleepSpoutWaitStrategy", "nimbus.thrift.max_buffer_size" 1048576, "topology.max.spout.pending" nil, "storm.zookeeper.retry.interval" 1000, "topology.sleep.spout.wait.strategy.time.ms" 1, "nimbus.topology.validator" "backtype.storm.nimbus.DefaultTopologyValidator", "supervisor.slots.ports" (1024 1025 1026), "topology.environment" nil, "topology.debug" true, "nimbus.task.launch.secs" 120, "nimbus.supervisor.timeout.secs" 60, "topology.kryo.register" nil, "topology.message.timeout.secs" 30, "task.refresh.poll.secs" 10, "topology.workers" 1, "supervisor.childopts" "-Xmx256m", "nimbus.thrift.port" 6627, "topology.stats.sample.rate" 0.05, "worker.heartbeat.frequency.secs" 1, "topology.tuple.serializer" "backtype.storm.serialization.types.ListDelegateSerializer", "topology.disruptor.wait.strategy" "com.lmax.disruptor.BlockingWaitStrategy", "topology.multilang.serializer" "backtype.storm.multilang.JsonSerializer", "nimbus.task.timeout.secs" 30, "storm.zookeeper.connection.timeout" 15000, "topology.kryo.factory" "backtype.storm.serialization.DefaultKryoFactory", "drpc.invocations.port" 3773, "logviewer.port" 8000, "zmq.threads" 1, "storm.zookeeper.retry.times" 5, "topology.worker.receiver.thread.count" 1, "storm.thrift.transport" "backtype.storm.security.auth.SimpleTransportPlugin", "topology.state.synchronization.timeout.secs" 60, "supervisor.worker.timeout.secs" 30, "nimbus.file.copy.expiration.secs" 600, "storm.messaging.transport" "backtype.storm.messaging.netty.Context", "logviewer.appender.name" "A1", "storm.messaging.netty.max_wait_ms" 1000, "drpc.request.timeout.secs" 600, "storm.local.mode.zmq" false, "ui.port" 8080, "nimbus.childopts" "-Xmx1024m", "storm.cluster.mode" "local", "topology.max.task.parallelism" nil, "storm.messaging.netty.transfer.batch.size" 262144, "topology.classpath" nil}
33442 [Thread-4] INFO  backtype.storm.daemon.worker - Worker 7954d30b-7c6f-4aeb-a82d-d6921b5cac70 for storm RealtimeAnalyticsTopology-1-1425348656 on 528ce62c-eee5-497f-9f97-14d9079009e4:1024 has finished loading
33443 [Thread-18-kafka-event-reader] INFO  backtype.storm.daemon.task - Emitting: kafka-event-reader default [{"event_code":"101013","install_id":"000000HX","udid":"ABCQQQQQQQQQQQQQQQQQQCBA","event_time":"2015-03-03 09:10:07"}]
33443 [Thread-18-kafka-event-reader] INFO  org.shirdrn.storm.analytics.utils.TestUtils$TestSpout - Spout emitted: {"event_code":"101013","install_id":"000000HX","udid":"ABCQQQQQQQQQQQQQQQQQQCBA","event_time":"2015-03-03 09:10:07"}
33448 [Thread-18-kafka-event-reader] INFO  backtype.storm.daemon.task - Emitting: kafka-event-reader default [{"event_code":"101013","install_id":"000000HX","udid":"ABCQQQQQQQQQQQQQQQQQQCBA","event_time":"2015-03-03 09:10:50"}]
33448 [Thread-18-kafka-event-reader] INFO  org.shirdrn.storm.analytics.utils.TestUtils$TestSpout - Spout emitted: {"event_code":"101013","install_id":"000000HX","udid":"ABCQQQQQQQQQQQQQQQQQQCBA","event_time":"2015-03-03 09:10:50"}
33453 [Thread-18-kafka-event-reader] INFO  backtype.storm.daemon.task - Emitting: kafka-event-reader default [{"event_code":"101013","install_id":"000000HX","udid":"ABCQQQQQQQQQQQQQQQQQQCBA","event_time":"2015-03-03 09:09:57"}]
33453 [Thread-18-kafka-event-reader] INFO  org.shirdrn.storm.analytics.utils.TestUtils$TestSpout - Spout emitted: {"event_code":"101013","install_id":"000000HX","udid":"ABCQQQQQQQQQQQQQQQQQQCBA","event_time":"2015-03-03 09:09:57"}
33458 [Thread-18-kafka-event-reader] INFO  backtype.storm.daemon.task - Emitting: kafka-event-reader default [{"event_code":"101013","install_id":"000000HX","udid":"ABCQQQQQQQQQQQQQQQQQQCBA","event_time":"2015-03-03 19:09:57"}]
33458 [Thread-18-kafka-event-reader] INFO  org.shirdrn.storm.analytics.utils.TestUtils$TestSpout - Spout emitted: {"event_code":"101013","install_id":"000000HX","udid":"ABCQQQQQQQQQQQQQQQQQQCBA","event_time":"2015-03-03 19:09:57"}
33463 [Thread-18-kafka-event-reader] INFO  backtype.storm.daemon.task - Emitting: kafka-event-reader default [{"event_code":"101010","install_id":"000000HX","udid":"ABCQQQQQQQQQQQQQQQQQQCBA","event_time":"2015-03-03 08:12:39","duration":"189"}]
33463 [Thread-18-kafka-event-reader] INFO  org.shirdrn.storm.analytics.utils.TestUtils$TestSpout - Spout emitted: {"event_code":"101010","install_id":"000000HX","udid":"ABCQQQQQQQQQQQQQQQQQQCBA","event_time":"2015-03-03 08:12:39","duration":"189"}
33467 [Thread-10-event-stat-persistence] INFO  org.springframework.context.support.ClassPathXmlApplicationContext - Refreshing org.springframework.context.support.ClassPathXmlApplicationContext@6ff3d99c: startup date [Tue Mar 03 10:10:58 CST 2015]; root of context hierarchy
33468 [Thread-18-kafka-event-reader] INFO  backtype.storm.daemon.task - Emitting: kafka-event-reader default [{"event_code":"101010","install_id":"000000HX","udid":"ABCQQQQQQQQQQQQQQQQQQCBA","event_time":"2015-03-03 09:42:46","duration":"381"}]
33469 [Thread-18-kafka-event-reader] INFO  org.shirdrn.storm.analytics.utils.TestUtils$TestSpout - Spout emitted: {"event_code":"101010","install_id":"000000HX","udid":"ABCQQQQQQQQQQQQQQQQQQCBA","event_time":"2015-03-03 09:42:46","duration":"381"}
33474 [Thread-18-kafka-event-reader] INFO  backtype.storm.daemon.task - Emitting: kafka-event-reader default [{"event_code":"101010","install_id":"000000HX","udid":"ABCQQQQQQQQQQQQQQQQQQCBA","event_time":"2015-03-03 10:42:46","duration":"99"}]
33474 [Thread-18-kafka-event-reader] INFO  org.shirdrn.storm.analytics.utils.TestUtils$TestSpout - Spout emitted: {"event_code":"101010","install_id":"000000HX","udid":"ABCQQQQQQQQQQQQQQQQQQCBA","event_time":"2015-03-03 10:42:46","duration":"99"}
33479 [Thread-18-kafka-event-reader] INFO  backtype.storm.daemon.task - Emitting: kafka-event-reader default [{"event_code":"101010","install_id":"000000HX","udid":"ABCQQQQQQQQQQQQQQQQQQCBA","event_time":"2015-03-03 11:42:46","duration":"147"}]
33479 [Thread-18-kafka-event-reader] INFO  org.shirdrn.storm.analytics.utils.TestUtils$TestSpout - Spout emitted: {"event_code":"101010","install_id":"000000HX","udid":"ABCQQQQQQQQQQQQQQQQQQCBA","event_time":"2015-03-03 11:42:46","duration":"147"}
33484 [Thread-18-kafka-event-reader] INFO  backtype.storm.daemon.task - Emitting: kafka-event-reader default [{"event_code":"101010","install_id":"000000HX","udid":"ABCQQQQQQQQQQQQQQQQQQCBA","event_time":"2015-03-03 12:42:46","duration":"1000"}]
33484 [Thread-18-kafka-event-reader] INFO  org.shirdrn.storm.analytics.utils.TestUtils$TestSpout - Spout emitted: {"event_code":"101010","install_id":"000000HX","udid":"ABCQQQQQQQQQQQQQQQQQQCBA","event_time":"2015-03-03 12:42:46","duration":"1000"}
33489 [Thread-18-kafka-event-reader] INFO  backtype.storm.daemon.task - Emitting: kafka-event-reader default [{"event_code":"101010","install_id":"000000HX","udid":"ABCQQQQQQQQQQQQQQQQQQCBA","event_time":"2015-03-03 13:42:46","duration":"301"}]
33489 [Thread-18-kafka-event-reader] INFO  org.shirdrn.storm.analytics.utils.TestUtils$TestSpout - Spout emitted: {"event_code":"101010","install_id":"000000HX","udid":"ABCQQQQQQQQQQQQQQQQQQCBA","event_time":"2015-03-03 13:42:46","duration":"301"}
33494 [Thread-18-kafka-event-reader] INFO  backtype.storm.daemon.task - Emitting: kafka-event-reader default [{"event_code":"101010","install_id":"000000HX","udid":"ABCQQQQQQQQQQQQQQQQQQCBA","event_time":"2015-03-03 14:25:13","duration":"1022"}]
33494 [Thread-18-kafka-event-reader] INFO  org.shirdrn.storm.analytics.utils.TestUtils$TestSpout - Spout emitted: {"event_code":"101010","install_id":"000000HX","udid":"ABCQQQQQQQQQQQQQQQQQQCBA","event_time":"2015-03-03 14:25:13","duration":"1022"}
33513 [Thread-10-event-stat-persistence] INFO  org.springframework.beans.factory.xml.XmlBeanDefinitionReader - Loading XML bean definitions from URL [file:/C:/Users/yanjun/git/storm-realtime/storm-realtime-analytics/target/classes/applicationContext.xml]
33790 [Thread-10-event-stat-persistence] INFO  org.springframework.beans.factory.config.PropertyPlaceholderConfigurer - Loading properties file from URL [file:/C:/Users/yanjun/git/storm-realtime/storm-realtime-analytics/target/classes/redis.properties]
33798 [Thread-10-event-stat-persistence] INFO  org.springframework.beans.factory.support.DefaultListableBeanFactory - Pre-instantiating singletons in org.springframework.beans.factory.support.DefaultListableBeanFactory@1e1396bb: defining beans [org.springframework.beans.factory.config.PropertyPlaceholderConfigurer#0,jedisPool]; root of factory hierarchy
33868 [Thread-10-event-stat-persistence] INFO  org.shirdrn.storm.spring.SpringContextFactory - Context initialized: name=realtime, context=org.springframework.context.support.ClassPathXmlApplicationContext@6ff3d99c: startup date [Tue Mar 03 10:10:58 CST 2015]; root of context hierarchy
33868 [Thread-12-event-stat-persistence] INFO  org.shirdrn.storm.analytics.utils.JedisConnectionManager - Spring context initialized: org.springframework.context.support.ClassPathXmlApplicationContext@6ff3d99c: startup date [Tue Mar 03 10:10:58 CST 2015]; root of context hierarchy
33868 [Thread-16-event-statistics] INFO  org.shirdrn.storm.analytics.utils.JedisConnectionManager - Spring context initialized: org.springframework.context.support.ClassPathXmlApplicationContext@6ff3d99c: startup date [Tue Mar 03 10:10:58 CST 2015]; root of context hierarchy
33868 [Thread-10-event-stat-persistence] INFO  org.shirdrn.storm.analytics.utils.JedisConnectionManager - Spring context initialized: org.springframework.context.support.ClassPathXmlApplicationContext@6ff3d99c: startup date [Tue Mar 03 10:10:58 CST 2015]; root of context hierarchy
33868 [Thread-8-event-filter] INFO  org.shirdrn.storm.analytics.utils.JedisConnectionManager - Spring context initialized: org.springframework.context.support.ClassPathXmlApplicationContext@6ff3d99c: startup date [Tue Mar 03 10:10:58 CST 2015]; root of context hierarchy
33868 [Thread-12-event-stat-persistence] INFO  org.shirdrn.storm.analytics.utils.JedisConnectionManager - Jedis pool created: redis.clients.jedis.JedisPool@7054fdd7
33868 [Thread-14-event-statistics] INFO  org.shirdrn.storm.analytics.utils.JedisConnectionManager - Spring context initialized: org.springframework.context.support.ClassPathXmlApplicationContext@6ff3d99c: startup date [Tue Mar 03 10:10:58 CST 2015]; root of context hierarchy
33868 [Thread-16-event-statistics] INFO  org.shirdrn.storm.analytics.utils.JedisConnectionManager - Jedis pool created: redis.clients.jedis.JedisPool@7054fdd7
33868 [Thread-14-event-statistics] INFO  org.shirdrn.storm.analytics.utils.JedisConnectionManager - Jedis pool created: redis.clients.jedis.JedisPool@7054fdd7
33868 [Thread-10-event-stat-persistence] INFO  org.shirdrn.storm.analytics.utils.JedisConnectionManager - Jedis pool created: redis.clients.jedis.JedisPool@7054fdd7
33868 [Thread-8-event-filter] INFO  org.shirdrn.storm.analytics.utils.JedisConnectionManager - Jedis pool created: redis.clients.jedis.JedisPool@7054fdd7
33870 [Thread-12-event-stat-persistence] INFO  org.shirdrn.storm.analytics.bolts.EventStatResultPersistBolt - Connection manager started!
33870 [Thread-8-event-filter] INFO  org.shirdrn.storm.analytics.utils.JedisEventHandlerManager - Initialize event handler: org.shirdrn.storm.analytics.handlers.InstallEventHandler@7d07b506
33870 [Thread-16-event-statistics] INFO  org.shirdrn.storm.analytics.utils.JedisEventHandlerManager - Initialize event handler: org.shirdrn.storm.analytics.handlers.InstallEventHandler@4fddd0b
33870 [Thread-10-event-stat-persistence] INFO  org.shirdrn.storm.analytics.bolts.EventStatResultPersistBolt - Connection manager started!
33870 [Thread-16-event-statistics] INFO  org.shirdrn.storm.analytics.utils.JedisEventHandlerManager - Initialize event handler: org.shirdrn.storm.analytics.handlers.PlayEndEventHandler@22fbc1cd
33870 [Thread-8-event-filter] INFO  org.shirdrn.storm.analytics.utils.JedisEventHandlerManager - Initialize event handler: org.shirdrn.storm.analytics.handlers.PlayEndEventHandler@3e708bac
33870 [Thread-8-event-filter] INFO  org.shirdrn.storm.analytics.utils.JedisEventHandlerManager - Initialize event handler: org.shirdrn.storm.analytics.handlers.PlayStartEventHandler@2dba20a1
33870 [Thread-14-event-statistics] INFO  org.shirdrn.storm.analytics.utils.JedisEventHandlerManager - Initialize event handler: org.shirdrn.storm.analytics.handlers.InstallEventHandler@36baffbc
33870 [Thread-8-event-filter] INFO  org.shirdrn.storm.analytics.utils.JedisEventHandlerManager - Initialize event handler: org.shirdrn.storm.analytics.handlers.OpenEventHandler@7c76093
33870 [Thread-14-event-statistics] INFO  org.shirdrn.storm.analytics.utils.JedisEventHandlerManager - Initialize event handler: org.shirdrn.storm.analytics.handlers.PlayEndEventHandler@5a424a96
33870 [Thread-14-event-statistics] INFO  org.shirdrn.storm.analytics.utils.JedisEventHandlerManager - Initialize event handler: org.shirdrn.storm.analytics.handlers.PlayStartEventHandler@1213f2b
33870 [Thread-14-event-statistics] INFO  org.shirdrn.storm.analytics.utils.JedisEventHandlerManager - Initialize event handler: org.shirdrn.storm.analytics.handlers.OpenEventHandler@3bd95296
33870 [Thread-16-event-statistics] INFO  org.shirdrn.storm.analytics.utils.JedisEventHandlerManager - Initialize event handler: org.shirdrn.storm.analytics.handlers.PlayStartEventHandler@16b4417b
33870 [Thread-16-event-statistics] INFO  org.shirdrn.storm.analytics.utils.JedisEventHandlerManager - Initialize event handler: org.shirdrn.storm.analytics.handlers.OpenEventHandler@3526a89c
33870 [Thread-8-event-filter] INFO  backtype.storm.daemon.executor - Prepared bolt event-filter:(2)
33870 [Thread-14-event-statistics] INFO  backtype.storm.daemon.executor - Prepared bolt event-statistics:(5)
33870 [Thread-16-event-statistics] INFO  backtype.storm.daemon.executor - Prepared bolt event-statistics:(6)
33871 [Thread-8-event-filter] INFO  backtype.storm.daemon.executor - Processing received message source: kafka-event-reader:7, stream: default, id: {}, [{"event_code":"400000","install_id":"000000HX","udid":"ABCQQQQQQQQQQQQQQQQQQCBA","event_time":"2015-03-03 05:51:12","app_key":"1","os_type":0,"version":"3.1.2","channel":"A-Faster"}]
33888 [Thread-10-event-stat-persistence] INFO  org.shirdrn.storm.api.common.QueuedTupleDispatcher - Processor runner started: Thread[Thread-26,5,main]
33888 [Thread-12-event-stat-persistence] INFO  org.shirdrn.storm.api.common.QueuedTupleDispatcher - Processor runner started: Thread[Thread-25,5,main]
33889 [Thread-12-event-stat-persistence] INFO  org.shirdrn.storm.analytics.bolts.EventStatResultPersistBolt - Tuple dispatcher started!
33889 [Thread-10-event-stat-persistence] INFO  org.shirdrn.storm.analytics.bolts.EventStatResultPersistBolt - Tuple dispatcher started!
33889 [Thread-12-event-stat-persistence] INFO  backtype.storm.daemon.executor - Prepared bolt event-stat-persistence:(4)
33889 [Thread-10-event-stat-persistence] INFO  backtype.storm.daemon.executor - Prepared bolt event-stat-persistence:(3)
33927 [Thread-8-event-filter] INFO  backtype.storm.daemon.task - Emitting: event-filter default [{"event_code":"400000","install_id":"000000HX","udid":"ABCQQQQQQQQQQQQQQQQQQCBA","event_time":"2015-03-03 05:51:12","app_key":"1","os_type":0,"version":"3.1.2","channel":"A-Faster"}]
33928 [Thread-8-event-filter] INFO  backtype.storm.daemon.executor - Processing received message source: kafka-event-reader:7, stream: default, id: {}, [{"event_code":"100010","install_id":"000000HX","udid":"ABCQQQQQQQQQQQQQQQQQQCBA","event_time":"2015-03-03 07:11:48"}]
33928 [Thread-14-event-statistics] INFO  backtype.storm.daemon.executor - Processing received message source: event-filter:2, stream: default, id: {}, [{"event_code":"400000","install_id":"000000HX","udid":"ABCQQQQQQQQQQQQQQQQQQCBA","event_time":"2015-03-03 05:51:12","app_key":"1","os_type":0,"version":"3.1.2","channel":"A-Faster"}]
33928 [Thread-8-event-filter] INFO  backtype.storm.daemon.task - Emitting: event-filter default [{"event_code":"100010","install_id":"000000HX","udid":"ABCQQQQQQQQQQQQQQQQQQCBA","event_time":"2015-03-03 07:11:48"}]
33928 [Thread-14-event-statistics] INFO  org.shirdrn.storm.api.common.GenericEventHandler - InstallEventHandler: indicators=[1]
33928 [Thread-16-event-statistics] INFO  backtype.storm.daemon.executor - Processing received message source: event-filter:2, stream: default, id: {}, [{"event_code":"100010","install_id":"000000HX","udid":"ABCQQQQQQQQQQQQQQQQQQCBA","event_time":"2015-03-03 07:11:48"}]
33928 [Thread-8-event-filter] INFO  backtype.storm.daemon.executor - Processing received message source: kafka-event-reader:7, stream: default, id: {}, [{"event_code":"100010","install_id":"000000HX","udid":"ABCQQQQQQQQQQQQQQQQQQCBA","event_time":"2015-03-03 08:45:09"}]
33928 [Thread-8-event-filter] INFO  backtype.storm.daemon.task - Emitting: event-filter default [{"event_code":"100010","install_id":"000000HX","udid":"ABCQQQQQQQQQQQQQQQQQQCBA","event_time":"2015-03-03 08:45:09"}]
33928 [Thread-16-event-statistics] INFO  org.shirdrn.storm.api.common.GenericEventHandler - OpenEventHandler: indicators=[2, 11, 12, 13]
33929 [Thread-8-event-filter] INFO  backtype.storm.daemon.executor - Processing received message source: kafka-event-reader:7, stream: default, id: {}, [{"event_code":"101013","install_id":"000000HX","udid":"ABCQQQQQQQQQQQQQQQQQQCBA","event_time":"2015-03-03 08:00:15"}]
33929 [Thread-8-event-filter] INFO  backtype.storm.daemon.task - Emitting: event-filter default [{"event_code":"101013","install_id":"000000HX","udid":"ABCQQQQQQQQQQQQQQQQQQCBA","event_time":"2015-03-03 08:00:15"}]
33932 [Thread-8-event-filter] INFO  backtype.storm.daemon.executor - Processing received message source: kafka-event-reader:7, stream: default, id: {}, [{"event_code":"101013","install_id":"000000HX","udid":"ABCQQQQQQQQQQQQQQQQQQCBA","event_time":"2015-03-03 09:09:57"}]
33933 [Thread-8-event-filter] INFO  backtype.storm.daemon.task - Emitting: event-filter default [{"event_code":"101013","install_id":"000000HX","udid":"ABCQQQQQQQQQQQQQQQQQQCBA","event_time":"2015-03-03 09:09:57"}]
33933 [Thread-8-event-filter] INFO  backtype.storm.daemon.executor - Processing received message source: kafka-event-reader:7, stream: default, id: {}, [{"event_code":"101013","install_id":"000000HX","udid":"ABCQQQQQQQQQQQQQQQQQQCBA","event_time":"2015-03-03 09:10:07"}]
33933 [Thread-8-event-filter] INFO  backtype.storm.daemon.task - Emitting: event-filter default [{"event_code":"101013","install_id":"000000HX","udid":"ABCQQQQQQQQQQQQQQQQQQCBA","event_time":"2015-03-03 09:10:07"}]
33933 [Thread-8-event-filter] INFO  backtype.storm.daemon.executor - Processing received message source: kafka-event-reader:7, stream: default, id: {}, [{"event_code":"101013","install_id":"000000HX","udid":"ABCQQQQQQQQQQQQQQQQQQCBA","event_time":"2015-03-03 09:10:50"}]
33934 [Thread-8-event-filter] INFO  backtype.storm.daemon.task - Emitting: event-filter default [{"event_code":"101013","install_id":"000000HX","udid":"ABCQQQQQQQQQQQQQQQQQQCBA","event_time":"2015-03-03 09:10:50"}]
33934 [Thread-8-event-filter] INFO  backtype.storm.daemon.executor - Processing received message source: kafka-event-reader:7, stream: default, id: {}, [{"event_code":"101013","install_id":"000000HX","udid":"ABCQQQQQQQQQQQQQQQQQQCBA","event_time":"2015-03-03 09:09:57"}]
33934 [Thread-8-event-filter] INFO  backtype.storm.daemon.task - Emitting: event-filter default [{"event_code":"101013","install_id":"000000HX","udid":"ABCQQQQQQQQQQQQQQQQQQCBA","event_time":"2015-03-03 09:09:57"}]
33934 [Thread-8-event-filter] INFO  backtype.storm.daemon.executor - Processing received message source: kafka-event-reader:7, stream: default, id: {}, [{"event_code":"101013","install_id":"000000HX","udid":"ABCQQQQQQQQQQQQQQQQQQCBA","event_time":"2015-03-03 19:09:57"}]
33934 [Thread-8-event-filter] INFO  backtype.storm.daemon.task - Emitting: event-filter default [{"event_code":"101013","install_id":"000000HX","udid":"ABCQQQQQQQQQQQQQQQQQQCBA","event_time":"2015-03-03 19:09:57"}]
33935 [Thread-8-event-filter] INFO  backtype.storm.daemon.executor - Processing received message source: kafka-event-reader:7, stream: default, id: {}, [{"event_code":"101010","install_id":"000000HX","udid":"ABCQQQQQQQQQQQQQQQQQQCBA","event_time":"2015-03-03 08:12:39","duration":"189"}]
33935 [Thread-8-event-filter] INFO  backtype.storm.daemon.task - Emitting: event-filter default [{"event_code":"101010","install_id":"000000HX","udid":"ABCQQQQQQQQQQQQQQQQQQCBA","event_time":"2015-03-03 08:12:39","duration":"189"}]
33935 [Thread-8-event-filter] INFO  backtype.storm.daemon.executor - Processing received message source: kafka-event-reader:7, stream: default, id: {}, [{"event_code":"101010","install_id":"000000HX","udid":"ABCQQQQQQQQQQQQQQQQQQCBA","event_time":"2015-03-03 09:42:46","duration":"381"}]
33935 [Thread-8-event-filter] INFO  backtype.storm.daemon.task - Emitting: event-filter default [{"event_code":"101010","install_id":"000000HX","udid":"ABCQQQQQQQQQQQQQQQQQQCBA","event_time":"2015-03-03 09:42:46","duration":"381"}]
33935 [Thread-8-event-filter] INFO  backtype.storm.daemon.executor - Processing received message source: kafka-event-reader:7, stream: default, id: {}, [{"event_code":"101010","install_id":"000000HX","udid":"ABCQQQQQQQQQQQQQQQQQQCBA","event_time":"2015-03-03 10:42:46","duration":"99"}]
33936 [Thread-8-event-filter] INFO  backtype.storm.daemon.task - Emitting: event-filter default [{"event_code":"101010","install_id":"000000HX","udid":"ABCQQQQQQQQQQQQQQQQQQCBA","event_time":"2015-03-03 10:42:46","duration":"99"}]
33940 [Thread-8-event-filter] INFO  backtype.storm.daemon.executor - Processing received message source: kafka-event-reader:7, stream: default, id: {}, [{"event_code":"101010","install_id":"000000HX","udid":"ABCQQQQQQQQQQQQQQQQQQCBA","event_time":"2015-03-03 11:42:46","duration":"147"}]
33941 [Thread-8-event-filter] INFO  backtype.storm.daemon.task - Emitting: event-filter default [{"event_code":"101010","install_id":"000000HX","udid":"ABCQQQQQQQQQQQQQQQQQQCBA","event_time":"2015-03-03 11:42:46","duration":"147"}]
33941 [Thread-8-event-filter] INFO  backtype.storm.daemon.executor - Processing received message source: kafka-event-reader:7, stream: default, id: {}, [{"event_code":"101010","install_id":"000000HX","udid":"ABCQQQQQQQQQQQQQQQQQQCBA","event_time":"2015-03-03 12:42:46","duration":"1000"}]
33941 [Thread-8-event-filter] INFO  backtype.storm.daemon.task - Emitting: event-filter default [{"event_code":"101010","install_id":"000000HX","udid":"ABCQQQQQQQQQQQQQQQQQQCBA","event_time":"2015-03-03 12:42:46","duration":"1000"}]
33941 [Thread-8-event-filter] INFO  backtype.storm.daemon.executor - Processing received message source: kafka-event-reader:7, stream: default, id: {}, [{"event_code":"101010","install_id":"000000HX","udid":"ABCQQQQQQQQQQQQQQQQQQCBA","event_time":"2015-03-03 13:42:46","duration":"301"}]
33942 [Thread-8-event-filter] INFO  backtype.storm.daemon.task - Emitting: event-filter default [{"event_code":"101010","install_id":"000000HX","udid":"ABCQQQQQQQQQQQQQQQQQQCBA","event_time":"2015-03-03 13:42:46","duration":"301"}]
33942 [Thread-8-event-filter] INFO  backtype.storm.daemon.executor - Processing received message source: kafka-event-reader:7, stream: default, id: {}, [{"event_code":"101010","install_id":"000000HX","udid":"ABCQQQQQQQQQQQQQQQQQQCBA","event_time":"2015-03-03 14:25:13","duration":"1022"}]
33942 [Thread-8-event-filter] INFO  backtype.storm.daemon.task - Emitting: event-filter default [{"event_code":"101010","install_id":"000000HX","udid":"ABCQQQQQQQQQQQQQQQQQQCBA","event_time":"2015-03-03 14:25:13","duration":"1022"}]
34014 [Thread-14-event-statistics] INFO  org.shirdrn.storm.api.common.GenericEventHandler - InstallEventHandler:  results=[[indicator=1,key=US::ABCQQQQQQQQQQQQQQQQQQCBA,data={"aid":"1","ch":"A-Faster","v":"3.1.2","ot":0}]]
34015 [Thread-14-event-statistics] INFO  backtype.storm.daemon.task - Emitting: event-statistics default [1, [indicator=1,key=US::ABCQQQQQQQQQQQQQQQQQQCBA,data={"aid":"1","ch":"A-Faster","v":"3.1.2","ot":0}]]
34015 [Thread-14-event-statistics] INFO  backtype.storm.daemon.executor - Processing received message source: event-filter:2, stream: default, id: {}, [{"event_code":"101013","install_id":"000000HX","udid":"ABCQQQQQQQQQQQQQQQQQQCBA","event_time":"2015-03-03 08:00:15"}]
34015 [Thread-10-event-stat-persistence] INFO  backtype.storm.daemon.executor - Processing received message source: event-statistics:5, stream: default, id: {}, [1, [indicator=1,key=US::ABCQQQQQQQQQQQQQQQQQQCBA,data={"aid":"1","ch":"A-Faster","v":"3.1.2","ot":0}]]
34015 [Thread-14-event-statistics] INFO  org.shirdrn.storm.api.common.GenericEventHandler - PlayStartEventHandler: indicators=[2, 21, 22, 23]
34078 [DISPATCHER-001] INFO  org.shirdrn.storm.analytics.calculators.UserDeviceInfoCalculator - COMMAMD => SET US::ABCQQQQQQQQQQQQQQQQQQCBA {"aid":"1","ch":"A-Faster","v":"3.1.2","ot":0}
34152 [Thread-14-event-statistics] INFO  org.shirdrn.storm.api.common.GenericEventHandler - PlayStartEventHandler:  results=[[indicator=2,key=UD::ABCQQQQQQQQQQQQQQQQQQCBA,data=], [indicator=21,strHour=2015030308,osType=0,channel=A-Faster,version=3.1.2], [indicator=22,strHour=2015030308,osType=0,channel=A-Faster,version=3.1.2], [indicator=23,strHour=2015030308,osType=0,channel=A-Faster,version=3.1.2]]
34152 [Thread-14-event-statistics] INFO  backtype.storm.daemon.task - Emitting: event-statistics default [2, [indicator=2,key=UD::ABCQQQQQQQQQQQQQQQQQQCBA,data=]]
34153 [Thread-14-event-statistics] INFO  backtype.storm.daemon.task - Emitting: event-statistics default [21, [indicator=21,strHour=2015030308,osType=0,channel=A-Faster,version=3.1.2]]
34153 [Thread-12-event-stat-persistence] INFO  backtype.storm.daemon.executor - Processing received message source: event-statistics:5, stream: default, id: {}, [2, [indicator=2,key=UD::ABCQQQQQQQQQQQQQQQQQQCBA,data=]]
34153 [Thread-14-event-statistics] INFO  backtype.storm.daemon.task - Emitting: event-statistics default [22, [indicator=22,strHour=2015030308,osType=0,channel=A-Faster,version=3.1.2]]
34153 [Thread-10-event-stat-persistence] INFO  backtype.storm.daemon.executor - Processing received message source: event-statistics:5, stream: default, id: {}, [21, [indicator=21,strHour=2015030308,osType=0,channel=A-Faster,version=3.1.2]]
34153 [Thread-14-event-statistics] INFO  backtype.storm.daemon.task - Emitting: event-statistics default [23, [indicator=23,strHour=2015030308,osType=0,channel=A-Faster,version=3.1.2]]
34154 [Thread-14-event-statistics] INFO  backtype.storm.daemon.executor - Processing received message source: event-filter:2, stream: default, id: {}, [{"event_code":"101013","install_id":"000000HX","udid":"ABCQQQQQQQQQQQQQQQQQQCBA","event_time":"2015-03-03 09:09:57"}]
34154 [Thread-14-event-statistics] INFO  org.shirdrn.storm.api.common.GenericEventHandler - PlayStartEventHandler: indicators=[2, 21, 22, 23]
34154 [Thread-12-event-stat-persistence] INFO  backtype.storm.daemon.executor - Processing received message source: event-statistics:5, stream: default, id: {}, [22, [indicator=22,strHour=2015030308,osType=0,channel=A-Faster,version=3.1.2]]
34155 [Thread-10-event-stat-persistence] INFO  backtype.storm.daemon.executor - Processing received message source: event-statistics:5, stream: default, id: {}, [23, [indicator=23,strHour=2015030308,osType=0,channel=A-Faster,version=3.1.2]]
34180 [DISPATCHER-001] INFO  org.shirdrn.storm.analytics.calculators.UserDynamicInfoCalculator - COMMAMD => HSET UD::ABCQQQQQQQQQQQQQQQQQQCBA LPD 2015-03-03
34189 [DISPATCHER-001] INFO  org.shirdrn.storm.analytics.calculators.UserDynamicInfoCalculator - COMMAMD => HSET UD::ABCQQQQQQQQQQQQQQQQQQCBA FPD 2015-03-03
34189 [DISPATCHER-001] INFO  org.shirdrn.storm.analytics.calculators.OpenNUCalculator - COMMAMD => HINCRBY 2015030308::21::S 21::0::A-Faster::3.1.2 1
34197 [DISPATCHER-001] INFO  org.shirdrn.storm.analytics.utils.RedisTimeoutCache - COMMAMD => SET 21::21::0::A-Faster::3.1.2::ABCQQQQQQQQQQQQQQQQQQCBA Y
34205 [DISPATCHER-001] INFO  org.shirdrn.storm.analytics.utils.RedisTimeoutCache - COMMAMD => EXPIRE 21::21::0::A-Faster::3.1.2::ABCQQQQQQQQQQQQQQQQQQCBA 2942000
34223 [DISPATCHER-001] INFO  org.shirdrn.storm.analytics.calculators.OpenAUCalculator - COMMAMD => HINCRBY 2015030308::22::S 22::0::A-Faster::3.1.2 1
34226 [DISPATCHER-001] INFO  org.shirdrn.storm.analytics.calculators.PlayTimesCalculator - COMMAMD => HINCRBY 2015030308::23::S 23::0::A-Faster::3.1.2 1
34228 [DISPATCHER-001] INFO  org.shirdrn.storm.analytics.utils.RedisTimeoutCache - COMMAMD => SET 22::22::0::A-Faster::3.1.2::ABCQQQQQQQQQQQQQQQQQQCBA Y
34235 [DISPATCHER-001] INFO  org.shirdrn.storm.analytics.utils.RedisTimeoutCache - COMMAMD => EXPIRE 22::22::0::A-Faster::3.1.2::ABCQQQQQQQQQQQQQQQQQQCBA 2942000
34257 [Thread-14-event-statistics] INFO  org.shirdrn.storm.api.common.GenericEventHandler - PlayStartEventHandler:  results=[[indicator=2,key=UD::ABCQQQQQQQQQQQQQQQQQQCBA,data=], [indicator=21,strHour=2015030309,osType=0,channel=A-Faster,version=3.1.2], [indicator=22,strHour=2015030309,osType=0,channel=A-Faster,version=3.1.2], [indicator=23,strHour=2015030309,osType=0,channel=A-Faster,version=3.1.2]]
34257 [Thread-14-event-statistics] INFO  backtype.storm.daemon.task - Emitting: event-statistics default [2, [indicator=2,key=UD::ABCQQQQQQQQQQQQQQQQQQCBA,data=]]
34257 [Thread-14-event-statistics] INFO  backtype.storm.daemon.task - Emitting: event-statistics default [21, [indicator=21,strHour=2015030309,osType=0,channel=A-Faster,version=3.1.2]]
34257 [Thread-12-event-stat-persistence] INFO  backtype.storm.daemon.executor - Processing received message source: event-statistics:5, stream: default, id: {}, [2, [indicator=2,key=UD::ABCQQQQQQQQQQQQQQQQQQCBA,data=]]
34257 [Thread-14-event-statistics] INFO  backtype.storm.daemon.task - Emitting: event-statistics default [22, [indicator=22,strHour=2015030309,osType=0,channel=A-Faster,version=3.1.2]]
34257 [Thread-10-event-stat-persistence] INFO  backtype.storm.daemon.executor - Processing received message source: event-statistics:5, stream: default, id: {}, [21, [indicator=21,strHour=2015030309,osType=0,channel=A-Faster,version=3.1.2]]
34258 [Thread-14-event-statistics] INFO  backtype.storm.daemon.task - Emitting: event-statistics default [23, [indicator=23,strHour=2015030309,osType=0,channel=A-Faster,version=3.1.2]]
34258 [Thread-12-event-stat-persistence] INFO  backtype.storm.daemon.executor - Processing received message source: event-statistics:5, stream: default, id: {}, [22, [indicator=22,strHour=2015030309,osType=0,channel=A-Faster,version=3.1.2]]
34258 [Thread-14-event-statistics] INFO  backtype.storm.daemon.executor - Processing received message source: event-filter:2, stream: default, id: {}, [{"event_code":"101013","install_id":"000000HX","udid":"ABCQQQQQQQQQQQQQQQQQQCBA","event_time":"2015-03-03 09:09:57"}]
34258 [Thread-10-event-stat-persistence] INFO  backtype.storm.daemon.executor - Processing received message source: event-statistics:5, stream: default, id: {}, [23, [indicator=23,strHour=2015030309,osType=0,channel=A-Faster,version=3.1.2]]
34258 [Thread-14-event-statistics] INFO  org.shirdrn.storm.api.common.GenericEventHandler - PlayStartEventHandler: indicators=[2, 21, 22, 23]
34279 [DISPATCHER-001] INFO  org.shirdrn.storm.analytics.calculators.UserDynamicInfoCalculator - COMMAMD => HSET UD::ABCQQQQQQQQQQQQQQQQQQCBA LPD 2015-03-03
34307 [DISPATCHER-001] INFO  org.shirdrn.storm.analytics.calculators.PlayTimesCalculator - COMMAMD => HINCRBY 2015030309::23::S 23::0::A-Faster::3.1.2 1
34365 [Thread-14-event-statistics] INFO  org.shirdrn.storm.api.common.GenericEventHandler - PlayStartEventHandler:  results=[[indicator=2,key=UD::ABCQQQQQQQQQQQQQQQQQQCBA,data=], [indicator=21,strHour=2015030309,osType=0,channel=A-Faster,version=3.1.2], [indicator=22,strHour=2015030309,osType=0,channel=A-Faster,version=3.1.2], [indicator=23,strHour=2015030309,osType=0,channel=A-Faster,version=3.1.2]]
34366 [Thread-14-event-statistics] INFO  backtype.storm.daemon.task - Emitting: event-statistics default [2, [indicator=2,key=UD::ABCQQQQQQQQQQQQQQQQQQCBA,data=]]
34366 [Thread-14-event-statistics] INFO  backtype.storm.daemon.task - Emitting: event-statistics default [21, [indicator=21,strHour=2015030309,osType=0,channel=A-Faster,version=3.1.2]]
34366 [Thread-12-event-stat-persistence] INFO  backtype.storm.daemon.executor - Processing received message source: event-statistics:5, stream: default, id: {}, [2, [indicator=2,key=UD::ABCQQQQQQQQQQQQQQQQQQCBA,data=]]
34367 [Thread-14-event-statistics] INFO  backtype.storm.daemon.task - Emitting: event-statistics default [22, [indicator=22,strHour=2015030309,osType=0,channel=A-Faster,version=3.1.2]]
34367 [Thread-10-event-stat-persistence] INFO  backtype.storm.daemon.executor - Processing received message source: event-statistics:5, stream: default, id: {}, [21, [indicator=21,strHour=2015030309,osType=0,channel=A-Faster,version=3.1.2]]
34367 [Thread-14-event-statistics] INFO  backtype.storm.daemon.task - Emitting: event-statistics default [23, [indicator=23,strHour=2015030309,osType=0,channel=A-Faster,version=3.1.2]]
34367 [Thread-12-event-stat-persistence] INFO  backtype.storm.daemon.executor - Processing received message source: event-statistics:5, stream: default, id: {}, [22, [indicator=22,strHour=2015030309,osType=0,channel=A-Faster,version=3.1.2]]
34367 [Thread-14-event-statistics] INFO  backtype.storm.daemon.executor - Processing received message source: event-filter:2, stream: default, id: {}, [{"event_code":"101010","install_id":"000000HX","udid":"ABCQQQQQQQQQQQQQQQQQQCBA","event_time":"2015-03-03 08:12:39","duration":"189"}]
34367 [Thread-10-event-stat-persistence] INFO  backtype.storm.daemon.executor - Processing received message source: event-statistics:5, stream: default, id: {}, [23, [indicator=23,strHour=2015030309,osType=0,channel=A-Faster,version=3.1.2]]
34367 [Thread-14-event-statistics] INFO  org.shirdrn.storm.api.common.GenericEventHandler - PlayEndEventHandler: indicators=[31, 32]
34383 [DISPATCHER-001] INFO  org.shirdrn.storm.analytics.calculators.UserDynamicInfoCalculator - COMMAMD => HSET UD::ABCQQQQQQQQQQQQQQQQQQCBA LPD 2015-03-03
34413 [DISPATCHER-001] INFO  org.shirdrn.storm.analytics.calculators.PlayTimesCalculator - COMMAMD => HINCRBY 2015030309::23::S 23::0::A-Faster::3.1.2 1
34464 [Thread-14-event-statistics] INFO  org.shirdrn.storm.api.common.GenericEventHandler - PlayEndEventHandler:  results=[[indicator=31,strHour=2015030308,osType=0,channel=A-Faster,version=3.1.2], [indicator=32,strHour=2015030308,osType=0,channel=A-Faster,version=3.1.2]]
34464 [Thread-14-event-statistics] INFO  backtype.storm.daemon.task - Emitting: event-statistics default [31, [indicator=31,strHour=2015030308,osType=0,channel=A-Faster,version=3.1.2]]
34465 [Thread-14-event-statistics] INFO  backtype.storm.daemon.task - Emitting: event-statistics default [32, [indicator=32,strHour=2015030308,osType=0,channel=A-Faster,version=3.1.2]]
34465 [Thread-10-event-stat-persistence] INFO  backtype.storm.daemon.executor - Processing received message source: event-statistics:5, stream: default, id: {}, [31, [indicator=31,strHour=2015030308,osType=0,channel=A-Faster,version=3.1.2]]
34465 [Thread-12-event-stat-persistence] INFO  backtype.storm.daemon.executor - Processing received message source: event-statistics:5, stream: default, id: {}, [32, [indicator=32,strHour=2015030308,osType=0,channel=A-Faster,version=3.1.2]]
34465 [Thread-14-event-statistics] INFO  backtype.storm.daemon.executor - Processing received message source: event-filter:2, stream: default, id: {}, [{"event_code":"101010","install_id":"000000HX","udid":"ABCQQQQQQQQQQQQQQQQQQCBA","event_time":"2015-03-03 09:42:46","duration":"381"}]
34466 [Thread-14-event-statistics] INFO  org.shirdrn.storm.api.common.GenericEventHandler - PlayEndEventHandler: indicators=[31, 32]
34513 [DISPATCHER-001] INFO  org.shirdrn.storm.analytics.calculators.PlayAUDurationCalculator - COMMAMD => HSET 2015030308::32::AU 32::0::A-Faster::3.1.2::ABCQQQQQQQQQQQQQQQQQQCBA Y
34513 [DISPATCHER-001] INFO  org.shirdrn.storm.analytics.calculators.PlayAUDurationCalculator - COMMAMD => HINCRBY 2015030308::32::S 32::0::A-Faster::3.1.2 189
34528 [DISPATCHER-001] INFO  org.shirdrn.storm.analytics.calculators.PlayNUDurationCalculator - COMMAMD => HSET 2015030308::31::NU 31::0::A-Faster::3.1.2::ABCQQQQQQQQQQQQQQQQQQCBA Y
34528 [DISPATCHER-001] INFO  org.shirdrn.storm.analytics.calculators.PlayNUDurationCalculator - COMMAMD => HINCRBY 2015030308::31::S 31::0::A-Faster::3.1.2 189
34728 [Thread-14-event-statistics] INFO  org.shirdrn.storm.api.common.GenericEventHandler - PlayEndEventHandler:  results=[[indicator=31,strHour=2015030309,osType=0,channel=A-Faster,version=3.1.2], [indicator=32,strHour=2015030309,osType=0,channel=A-Faster,version=3.1.2]]
34728 [Thread-14-event-statistics] INFO  backtype.storm.daemon.task - Emitting: event-statistics default [31, [indicator=31,strHour=2015030309,osType=0,channel=A-Faster,version=3.1.2]]
34729 [Thread-14-event-statistics] INFO  backtype.storm.daemon.task - Emitting: event-statistics default [32, [indicator=32,strHour=2015030309,osType=0,channel=A-Faster,version=3.1.2]]
34729 [Thread-10-event-stat-persistence] INFO  backtype.storm.daemon.executor - Processing received message source: event-statistics:5, stream: default, id: {}, [31, [indicator=31,strHour=2015030309,osType=0,channel=A-Faster,version=3.1.2]]
34730 [Thread-14-event-statistics] INFO  backtype.storm.daemon.executor - Processing received message source: event-filter:2, stream: default, id: {}, [{"event_code":"101010","install_id":"000000HX","udid":"ABCQQQQQQQQQQQQQQQQQQCBA","event_time":"2015-03-03 12:42:46","duration":"1000"}]
34730 [Thread-12-event-stat-persistence] INFO  backtype.storm.daemon.executor - Processing received message source: event-statistics:5, stream: default, id: {}, [32, [indicator=32,strHour=2015030309,osType=0,channel=A-Faster,version=3.1.2]]
34730 [Thread-14-event-statistics] INFO  org.shirdrn.storm.api.common.GenericEventHandler - PlayEndEventHandler: indicators=[31, 32]
34752 [DISPATCHER-001] INFO  org.shirdrn.storm.analytics.calculators.PlayNUDurationCalculator - COMMAMD => HSET 2015030309::31::NU 31::0::A-Faster::3.1.2::ABCQQQQQQQQQQQQQQQQQQCBA Y
34752 [DISPATCHER-001] INFO  org.shirdrn.storm.analytics.calculators.PlayNUDurationCalculator - COMMAMD => HINCRBY 2015030309::31::S 31::0::A-Faster::3.1.2 381
34760 [DISPATCHER-001] INFO  org.shirdrn.storm.analytics.calculators.PlayAUDurationCalculator - COMMAMD => HSET 2015030309::32::AU 32::0::A-Faster::3.1.2::ABCQQQQQQQQQQQQQQQQQQCBA Y
34760 [DISPATCHER-001] INFO  org.shirdrn.storm.analytics.calculators.PlayAUDurationCalculator - COMMAMD => HINCRBY 2015030309::32::S 32::0::A-Faster::3.1.2 381
34808 [Thread-14-event-statistics] INFO  org.shirdrn.storm.api.common.GenericEventHandler - PlayEndEventHandler:  results=[[indicator=31,strHour=2015030312,osType=0,channel=A-Faster,version=3.1.2], [indicator=32,strHour=2015030312,osType=0,channel=A-Faster,version=3.1.2]]
34808 [Thread-14-event-statistics] INFO  backtype.storm.daemon.task - Emitting: event-statistics default [31, [indicator=31,strHour=2015030312,osType=0,channel=A-Faster,version=3.1.2]]
34809 [Thread-14-event-statistics] INFO  backtype.storm.daemon.task - Emitting: event-statistics default [32, [indicator=32,strHour=2015030312,osType=0,channel=A-Faster,version=3.1.2]]
34809 [Thread-10-event-stat-persistence] INFO  backtype.storm.daemon.executor - Processing received message source: event-statistics:5, stream: default, id: {}, [31, [indicator=31,strHour=2015030312,osType=0,channel=A-Faster,version=3.1.2]]
34809 [Thread-14-event-statistics] INFO  backtype.storm.daemon.executor - Processing received message source: event-filter:2, stream: default, id: {}, [{"event_code":"101010","install_id":"000000HX","udid":"ABCQQQQQQQQQQQQQQQQQQCBA","event_time":"2015-03-03 14:25:13","duration":"1022"}]
34810 [Thread-12-event-stat-persistence] INFO  backtype.storm.daemon.executor - Processing received message source: event-statistics:5, stream: default, id: {}, [32, [indicator=32,strHour=2015030312,osType=0,channel=A-Faster,version=3.1.2]]
34810 [Thread-14-event-statistics] INFO  org.shirdrn.storm.api.common.GenericEventHandler - PlayEndEventHandler: indicators=[31, 32]
34830 [DISPATCHER-001] INFO  org.shirdrn.storm.analytics.calculators.PlayNUDurationCalculator - COMMAMD => HSET 2015030312::31::NU 31::0::A-Faster::3.1.2::ABCQQQQQQQQQQQQQQQQQQCBA Y
34830 [DISPATCHER-001] INFO  org.shirdrn.storm.analytics.calculators.PlayNUDurationCalculator - COMMAMD => HINCRBY 2015030312::31::S 31::0::A-Faster::3.1.2 1000
34841 [DISPATCHER-001] INFO  org.shirdrn.storm.analytics.calculators.PlayAUDurationCalculator - COMMAMD => HSET 2015030312::32::AU 32::0::A-Faster::3.1.2::ABCQQQQQQQQQQQQQQQQQQCBA Y
34841 [DISPATCHER-001] INFO  org.shirdrn.storm.analytics.calculators.PlayAUDurationCalculator - COMMAMD => HINCRBY 2015030312::32::S 32::0::A-Faster::3.1.2 1000
34921 [Thread-14-event-statistics] INFO  org.shirdrn.storm.api.common.GenericEventHandler - PlayEndEventHandler:  results=[[indicator=31,strHour=2015030314,osType=0,channel=A-Faster,version=3.1.2], [indicator=32,strHour=2015030314,osType=0,channel=A-Faster,version=3.1.2]]
34921 [Thread-14-event-statistics] INFO  backtype.storm.daemon.task - Emitting: event-statistics default [31, [indicator=31,strHour=2015030314,osType=0,channel=A-Faster,version=3.1.2]]
34922 [Thread-14-event-statistics] INFO  backtype.storm.daemon.task - Emitting: event-statistics default [32, [indicator=32,strHour=2015030314,osType=0,channel=A-Faster,version=3.1.2]]
34922 [Thread-10-event-stat-persistence] INFO  backtype.storm.daemon.executor - Processing received message source: event-statistics:5, stream: default, id: {}, [31, [indicator=31,strHour=2015030314,osType=0,channel=A-Faster,version=3.1.2]]
34923 [Thread-12-event-stat-persistence] INFO  backtype.storm.daemon.executor - Processing received message source: event-statistics:5, stream: default, id: {}, [32, [indicator=32,strHour=2015030314,osType=0,channel=A-Faster,version=3.1.2]]
34951 [DISPATCHER-001] INFO  org.shirdrn.storm.analytics.calculators.PlayAUDurationCalculator - COMMAMD => HSET 2015030314::32::AU 32::0::A-Faster::3.1.2::ABCQQQQQQQQQQQQQQQQQQCBA Y
34951 [DISPATCHER-001] INFO  org.shirdrn.storm.analytics.calculators.PlayAUDurationCalculator - COMMAMD => HINCRBY 2015030314::32::S 32::0::A-Faster::3.1.2 1022
34970 [DISPATCHER-001] INFO  org.shirdrn.storm.analytics.calculators.PlayNUDurationCalculator - COMMAMD => HSET 2015030314::31::NU 31::0::A-Faster::3.1.2::ABCQQQQQQQQQQQQQQQQQQCBA Y
34970 [DISPATCHER-001] INFO  org.shirdrn.storm.analytics.calculators.PlayNUDurationCalculator - COMMAMD => HINCRBY 2015030314::31::S 31::0::A-Faster::3.1.2 1022
37121 [Thread-16-event-statistics] INFO  org.shirdrn.storm.api.common.GenericEventHandler - OpenEventHandler:  results=[[indicator=2,key=UD::ABCQQQQQQQQQQQQQQQQQQCBA,data=], [indicator=11,strHour=2015030307,osType=0,channel=A-Faster,version=3.1.2], [indicator=12,strHour=2015030307,osType=0,channel=A-Faster,version=3.1.2], [indicator=13,strHour=2015030307,osType=0,channel=A-Faster,version=3.1.2]]
37122 [Thread-16-event-statistics] INFO  backtype.storm.daemon.task - Emitting: event-statistics default [2, [indicator=2,key=UD::ABCQQQQQQQQQQQQQQQQQQCBA,data=]]
37122 [Thread-16-event-statistics] INFO  backtype.storm.daemon.task - Emitting: event-statistics default [11, [indicator=11,strHour=2015030307,osType=0,channel=A-Faster,version=3.1.2]]
37123 [Thread-12-event-stat-persistence] INFO  backtype.storm.daemon.executor - Processing received message source: event-statistics:6, stream: default, id: {}, [2, [indicator=2,key=UD::ABCQQQQQQQQQQQQQQQQQQCBA,data=]]
37123 [Thread-16-event-statistics] INFO  backtype.storm.daemon.task - Emitting: event-statistics default [12, [indicator=12,strHour=2015030307,osType=0,channel=A-Faster,version=3.1.2]]
37124 [Thread-16-event-statistics] INFO  backtype.storm.daemon.task - Emitting: event-statistics default [13, [indicator=13,strHour=2015030307,osType=0,channel=A-Faster,version=3.1.2]]
37124 [Thread-10-event-stat-persistence] INFO  backtype.storm.daemon.executor - Processing received message source: event-statistics:6, stream: default, id: {}, [11, [indicator=11,strHour=2015030307,osType=0,channel=A-Faster,version=3.1.2]]
37124 [Thread-16-event-statistics] INFO  backtype.storm.daemon.executor - Processing received message source: event-filter:2, stream: default, id: {}, [{"event_code":"100010","install_id":"000000HX","udid":"ABCQQQQQQQQQQQQQQQQQQCBA","event_time":"2015-03-03 08:45:09"}]
37124 [Thread-12-event-stat-persistence] INFO  backtype.storm.daemon.executor - Processing received message source: event-statistics:6, stream: default, id: {}, [12, [indicator=12,strHour=2015030307,osType=0,channel=A-Faster,version=3.1.2]]
37124 [Thread-10-event-stat-persistence] INFO  backtype.storm.daemon.executor - Processing received message source: event-statistics:6, stream: default, id: {}, [13, [indicator=13,strHour=2015030307,osType=0,channel=A-Faster,version=3.1.2]]
37125 [Thread-16-event-statistics] INFO  org.shirdrn.storm.api.common.GenericEventHandler - OpenEventHandler: indicators=[2, 11, 12, 13]
37159 [DISPATCHER-001] INFO  org.shirdrn.storm.analytics.calculators.OpenNUCalculator - COMMAMD => HINCRBY 2015030307::11::S 11::0::A-Faster::3.1.2 1
37165 [DISPATCHER-001] INFO  org.shirdrn.storm.analytics.utils.RedisTimeoutCache - COMMAMD => SET 11::11::0::A-Faster::3.1.2::ABCQQQQQQQQQQQQQQQQQQCBA Y
37170 [DISPATCHER-001] INFO  org.shirdrn.storm.analytics.calculators.UserDynamicInfoCalculator - COMMAMD => HSET UD::ABCQQQQQQQQQQQQQQQQQQCBA LOD 2015-03-03
37182 [DISPATCHER-001] INFO  org.shirdrn.storm.analytics.utils.RedisTimeoutCache - COMMAMD => EXPIRE 11::11::0::A-Faster::3.1.2::ABCQQQQQQQQQQQQQQQQQQCBA 2939000
37214 [DISPATCHER-001] INFO  org.shirdrn.storm.analytics.calculators.UserDynamicInfoCalculator - COMMAMD => HSET UD::ABCQQQQQQQQQQQQQQQQQQCBA FOD 2015-03-03
37234 [DISPATCHER-001] INFO  org.shirdrn.storm.analytics.calculators.OpenTimesCalculator - COMMAMD => HINCRBY 2015030307::13::S 13::0::A-Faster::3.1.2 1
37248 [DISPATCHER-001] INFO  org.shirdrn.storm.analytics.calculators.OpenAUCalculator - COMMAMD => HINCRBY 2015030307::12::S 12::0::A-Faster::3.1.2 1
37254 [DISPATCHER-001] INFO  org.shirdrn.storm.analytics.utils.RedisTimeoutCache - COMMAMD => SET 12::12::0::A-Faster::3.1.2::ABCQQQQQQQQQQQQQQQQQQCBA Y
37272 [DISPATCHER-001] INFO  org.shirdrn.storm.analytics.utils.RedisTimeoutCache - COMMAMD => EXPIRE 12::12::0::A-Faster::3.1.2::ABCQQQQQQQQQQQQQQQQQQCBA 2939001
37367 [Thread-16-event-statistics] INFO  org.shirdrn.storm.api.common.GenericEventHandler - OpenEventHandler:  results=[[indicator=2,key=UD::ABCQQQQQQQQQQQQQQQQQQCBA,data=], [indicator=11,strHour=2015030308,osType=0,channel=A-Faster,version=3.1.2], [indicator=12,strHour=2015030308,osType=0,channel=A-Faster,version=3.1.2], [indicator=13,strHour=2015030308,osType=0,channel=A-Faster,version=3.1.2]]
37367 [Thread-16-event-statistics] INFO  backtype.storm.daemon.task - Emitting: event-statistics default [2, [indicator=2,key=UD::ABCQQQQQQQQQQQQQQQQQQCBA,data=]]
37368 [Thread-16-event-statistics] INFO  backtype.storm.daemon.task - Emitting: event-statistics default [11, [indicator=11,strHour=2015030308,osType=0,channel=A-Faster,version=3.1.2]]
37368 [Thread-12-event-stat-persistence] INFO  backtype.storm.daemon.executor - Processing received message source: event-statistics:6, stream: default, id: {}, [2, [indicator=2,key=UD::ABCQQQQQQQQQQQQQQQQQQCBA,data=]]
37368 [Thread-16-event-statistics] INFO  backtype.storm.daemon.task - Emitting: event-statistics default [12, [indicator=12,strHour=2015030308,osType=0,channel=A-Faster,version=3.1.2]]
37369 [Thread-10-event-stat-persistence] INFO  backtype.storm.daemon.executor - Processing received message source: event-statistics:6, stream: default, id: {}, [11, [indicator=11,strHour=2015030308,osType=0,channel=A-Faster,version=3.1.2]]
37369 [Thread-16-event-statistics] INFO  backtype.storm.daemon.task - Emitting: event-statistics default [13, [indicator=13,strHour=2015030308,osType=0,channel=A-Faster,version=3.1.2]]
37369 [Thread-16-event-statistics] INFO  backtype.storm.daemon.executor - Processing received message source: event-filter:2, stream: default, id: {}, [{"event_code":"101013","install_id":"000000HX","udid":"ABCQQQQQQQQQQQQQQQQQQCBA","event_time":"2015-03-03 09:10:07"}]
37369 [Thread-12-event-stat-persistence] INFO  backtype.storm.daemon.executor - Processing received message source: event-statistics:6, stream: default, id: {}, [12, [indicator=12,strHour=2015030308,osType=0,channel=A-Faster,version=3.1.2]]
37370 [Thread-16-event-statistics] INFO  org.shirdrn.storm.api.common.GenericEventHandler - PlayStartEventHandler: indicators=[2, 21, 22, 23]
37370 [Thread-10-event-stat-persistence] INFO  backtype.storm.daemon.executor - Processing received message source: event-statistics:6, stream: default, id: {}, [13, [indicator=13,strHour=2015030308,osType=0,channel=A-Faster,version=3.1.2]]
37415 [DISPATCHER-001] INFO  org.shirdrn.storm.analytics.calculators.UserDynamicInfoCalculator - COMMAMD => HSET UD::ABCQQQQQQQQQQQQQQQQQQCBA LOD 2015-03-03
37426 [DISPATCHER-001] INFO  org.shirdrn.storm.analytics.calculators.OpenTimesCalculator - COMMAMD => HINCRBY 2015030308::13::S 13::0::A-Faster::3.1.2 1
37533 [Thread-16-event-statistics] INFO  org.shirdrn.storm.api.common.GenericEventHandler - PlayStartEventHandler:  results=[[indicator=2,key=UD::ABCQQQQQQQQQQQQQQQQQQCBA,data=], [indicator=21,strHour=2015030309,osType=0,channel=A-Faster,version=3.1.2], [indicator=22,strHour=2015030309,osType=0,channel=A-Faster,version=3.1.2], [indicator=23,strHour=2015030309,osType=0,channel=A-Faster,version=3.1.2]]
37533 [Thread-16-event-statistics] INFO  backtype.storm.daemon.task - Emitting: event-statistics default [2, [indicator=2,key=UD::ABCQQQQQQQQQQQQQQQQQQCBA,data=]]
37533 [Thread-16-event-statistics] INFO  backtype.storm.daemon.task - Emitting: event-statistics default [21, [indicator=21,strHour=2015030309,osType=0,channel=A-Faster,version=3.1.2]]
37534 [Thread-12-event-stat-persistence] INFO  backtype.storm.daemon.executor - Processing received message source: event-statistics:6, stream: default, id: {}, [2, [indicator=2,key=UD::ABCQQQQQQQQQQQQQQQQQQCBA,data=]]
37534 [Thread-16-event-statistics] INFO  backtype.storm.daemon.task - Emitting: event-statistics default [22, [indicator=22,strHour=2015030309,osType=0,channel=A-Faster,version=3.1.2]]
37534 [Thread-10-event-stat-persistence] INFO  backtype.storm.daemon.executor - Processing received message source: event-statistics:6, stream: default, id: {}, [21, [indicator=21,strHour=2015030309,osType=0,channel=A-Faster,version=3.1.2]]
37535 [Thread-16-event-statistics] INFO  backtype.storm.daemon.task - Emitting: event-statistics default [23, [indicator=23,strHour=2015030309,osType=0,channel=A-Faster,version=3.1.2]]
37535 [Thread-12-event-stat-persistence] INFO  backtype.storm.daemon.executor - Processing received message source: event-statistics:6, stream: default, id: {}, [22, [indicator=22,strHour=2015030309,osType=0,channel=A-Faster,version=3.1.2]]
37535 [Thread-16-event-statistics] INFO  backtype.storm.daemon.executor - Processing received message source: event-filter:2, stream: default, id: {}, [{"event_code":"101013","install_id":"000000HX","udid":"ABCQQQQQQQQQQQQQQQQQQCBA","event_time":"2015-03-03 09:10:50"}]
37535 [Thread-10-event-stat-persistence] INFO  backtype.storm.daemon.executor - Processing received message source: event-statistics:6, stream: default, id: {}, [23, [indicator=23,strHour=2015030309,osType=0,channel=A-Faster,version=3.1.2]]
37535 [Thread-16-event-statistics] INFO  org.shirdrn.storm.api.common.GenericEventHandler - PlayStartEventHandler: indicators=[2, 21, 22, 23]
37590 [DISPATCHER-001] INFO  org.shirdrn.storm.analytics.calculators.PlayTimesCalculator - COMMAMD => HINCRBY 2015030309::23::S 23::0::A-Faster::3.1.2 1
37613 [DISPATCHER-001] INFO  org.shirdrn.storm.analytics.calculators.UserDynamicInfoCalculator - COMMAMD => HSET UD::ABCQQQQQQQQQQQQQQQQQQCBA LPD 2015-03-03
37711 [Thread-16-event-statistics] INFO  org.shirdrn.storm.api.common.GenericEventHandler - PlayStartEventHandler:  results=[[indicator=2,key=UD::ABCQQQQQQQQQQQQQQQQQQCBA,data=], [indicator=21,strHour=2015030309,osType=0,channel=A-Faster,version=3.1.2], [indicator=22,strHour=2015030309,osType=0,channel=A-Faster,version=3.1.2], [indicator=23,strHour=2015030309,osType=0,channel=A-Faster,version=3.1.2]]
37712 [Thread-16-event-statistics] INFO  backtype.storm.daemon.task - Emitting: event-statistics default [2, [indicator=2,key=UD::ABCQQQQQQQQQQQQQQQQQQCBA,data=]]
37712 [Thread-16-event-statistics] INFO  backtype.storm.daemon.task - Emitting: event-statistics default [21, [indicator=21,strHour=2015030309,osType=0,channel=A-Faster,version=3.1.2]]
37712 [Thread-12-event-stat-persistence] INFO  backtype.storm.daemon.executor - Processing received message source: event-statistics:6, stream: default, id: {}, [2, [indicator=2,key=UD::ABCQQQQQQQQQQQQQQQQQQCBA,data=]]
37714 [Thread-16-event-statistics] INFO  backtype.storm.daemon.task - Emitting: event-statistics default [22, [indicator=22,strHour=2015030309,osType=0,channel=A-Faster,version=3.1.2]]
37714 [Thread-10-event-stat-persistence] INFO  backtype.storm.daemon.executor - Processing received message source: event-statistics:6, stream: default, id: {}, [21, [indicator=21,strHour=2015030309,osType=0,channel=A-Faster,version=3.1.2]]
37714 [Thread-16-event-statistics] INFO  backtype.storm.daemon.task - Emitting: event-statistics default [23, [indicator=23,strHour=2015030309,osType=0,channel=A-Faster,version=3.1.2]]
37715 [Thread-16-event-statistics] INFO  backtype.storm.daemon.executor - Processing received message source: event-filter:2, stream: default, id: {}, [{"event_code":"101013","install_id":"000000HX","udid":"ABCQQQQQQQQQQQQQQQQQQCBA","event_time":"2015-03-03 19:09:57"}]
37715 [Thread-10-event-stat-persistence] INFO  backtype.storm.daemon.executor - Processing received message source: event-statistics:6, stream: default, id: {}, [23, [indicator=23,strHour=2015030309,osType=0,channel=A-Faster,version=3.1.2]]
37715 [Thread-16-event-statistics] INFO  org.shirdrn.storm.api.common.GenericEventHandler - PlayStartEventHandler: indicators=[2, 21, 22, 23]
37716 [Thread-12-event-stat-persistence] INFO  backtype.storm.daemon.executor - Processing received message source: event-statistics:6, stream: default, id: {}, [22, [indicator=22,strHour=2015030309,osType=0,channel=A-Faster,version=3.1.2]]
37742 [DISPATCHER-001] INFO  org.shirdrn.storm.analytics.calculators.UserDynamicInfoCalculator - COMMAMD => HSET UD::ABCQQQQQQQQQQQQQQQQQQCBA LPD 2015-03-03
37790 [DISPATCHER-001] INFO  org.shirdrn.storm.analytics.calculators.PlayTimesCalculator - COMMAMD => HINCRBY 2015030309::23::S 23::0::A-Faster::3.1.2 1
37880 [Thread-16-event-statistics] INFO  org.shirdrn.storm.api.common.GenericEventHandler - PlayStartEventHandler:  results=[[indicator=2,key=UD::ABCQQQQQQQQQQQQQQQQQQCBA,data=], [indicator=21,strHour=2015030319,osType=0,channel=A-Faster,version=3.1.2], [indicator=22,strHour=2015030319,osType=0,channel=A-Faster,version=3.1.2], [indicator=23,strHour=2015030319,osType=0,channel=A-Faster,version=3.1.2]]
37880 [Thread-16-event-statistics] INFO  backtype.storm.daemon.task - Emitting: event-statistics default [2, [indicator=2,key=UD::ABCQQQQQQQQQQQQQQQQQQCBA,data=]]
37881 [Thread-16-event-statistics] INFO  backtype.storm.daemon.task - Emitting: event-statistics default [21, [indicator=21,strHour=2015030319,osType=0,channel=A-Faster,version=3.1.2]]
37881 [Thread-12-event-stat-persistence] INFO  backtype.storm.daemon.executor - Processing received message source: event-statistics:6, stream: default, id: {}, [2, [indicator=2,key=UD::ABCQQQQQQQQQQQQQQQQQQCBA,data=]]
37882 [Thread-16-event-statistics] INFO  backtype.storm.daemon.task - Emitting: event-statistics default [22, [indicator=22,strHour=2015030319,osType=0,channel=A-Faster,version=3.1.2]]
37882 [Thread-10-event-stat-persistence] INFO  backtype.storm.daemon.executor - Processing received message source: event-statistics:6, stream: default, id: {}, [21, [indicator=21,strHour=2015030319,osType=0,channel=A-Faster,version=3.1.2]]
37883 [Thread-16-event-statistics] INFO  backtype.storm.daemon.task - Emitting: event-statistics default [23, [indicator=23,strHour=2015030319,osType=0,channel=A-Faster,version=3.1.2]]
37883 [Thread-12-event-stat-persistence] INFO  backtype.storm.daemon.executor - Processing received message source: event-statistics:6, stream: default, id: {}, [22, [indicator=22,strHour=2015030319,osType=0,channel=A-Faster,version=3.1.2]]
37884 [Thread-16-event-statistics] INFO  backtype.storm.daemon.executor - Processing received message source: event-filter:2, stream: default, id: {}, [{"event_code":"101010","install_id":"000000HX","udid":"ABCQQQQQQQQQQQQQQQQQQCBA","event_time":"2015-03-03 10:42:46","duration":"99"}]
37885 [Thread-16-event-statistics] INFO  org.shirdrn.storm.api.common.GenericEventHandler - PlayEndEventHandler: indicators=[31, 32]
37885 [Thread-10-event-stat-persistence] INFO  backtype.storm.daemon.executor - Processing received message source: event-statistics:6, stream: default, id: {}, [23, [indicator=23,strHour=2015030319,osType=0,channel=A-Faster,version=3.1.2]]
37936 [DISPATCHER-001] INFO  org.shirdrn.storm.analytics.calculators.UserDynamicInfoCalculator - COMMAMD => HSET UD::ABCQQQQQQQQQQQQQQQQQQCBA LPD 2015-03-03
37939 [DISPATCHER-001] INFO  org.shirdrn.storm.analytics.calculators.PlayTimesCalculator - COMMAMD => HINCRBY 2015030319::23::S 23::0::A-Faster::3.1.2 1
37949 [Thread-16-event-statistics] INFO  org.shirdrn.storm.api.common.GenericEventHandler - PlayEndEventHandler:  results=[[indicator=31,strHour=2015030310,osType=0,channel=A-Faster,version=3.1.2], [indicator=32,strHour=2015030310,osType=0,channel=A-Faster,version=3.1.2]]
37950 [Thread-16-event-statistics] INFO  backtype.storm.daemon.task - Emitting: event-statistics default [31, [indicator=31,strHour=2015030310,osType=0,channel=A-Faster,version=3.1.2]]
37951 [Thread-16-event-statistics] INFO  backtype.storm.daemon.task - Emitting: event-statistics default [32, [indicator=32,strHour=2015030310,osType=0,channel=A-Faster,version=3.1.2]]
37951 [Thread-10-event-stat-persistence] INFO  backtype.storm.daemon.executor - Processing received message source: event-statistics:6, stream: default, id: {}, [31, [indicator=31,strHour=2015030310,osType=0,channel=A-Faster,version=3.1.2]]
37951 [Thread-16-event-statistics] INFO  backtype.storm.daemon.executor - Processing received message source: event-filter:2, stream: default, id: {}, [{"event_code":"101010","install_id":"000000HX","udid":"ABCQQQQQQQQQQQQQQQQQQCBA","event_time":"2015-03-03 11:42:46","duration":"147"}]
37952 [Thread-12-event-stat-persistence] INFO  backtype.storm.daemon.executor - Processing received message source: event-statistics:6, stream: default, id: {}, [32, [indicator=32,strHour=2015030310,osType=0,channel=A-Faster,version=3.1.2]]
37952 [Thread-16-event-statistics] INFO  org.shirdrn.storm.api.common.GenericEventHandler - PlayEndEventHandler: indicators=[31, 32]
37984 [DISPATCHER-001] INFO  org.shirdrn.storm.analytics.calculators.PlayNUDurationCalculator - COMMAMD => HSET 2015030310::31::NU 31::0::A-Faster::3.1.2::ABCQQQQQQQQQQQQQQQQQQCBA Y
37984 [DISPATCHER-001] INFO  org.shirdrn.storm.analytics.calculators.PlayNUDurationCalculator - COMMAMD => HINCRBY 2015030310::31::S 31::0::A-Faster::3.1.2 99
38019 [DISPATCHER-001] INFO  org.shirdrn.storm.analytics.calculators.PlayAUDurationCalculator - COMMAMD => HSET 2015030310::32::AU 32::0::A-Faster::3.1.2::ABCQQQQQQQQQQQQQQQQQQCBA Y
38019 [DISPATCHER-001] INFO  org.shirdrn.storm.analytics.calculators.PlayAUDurationCalculator - COMMAMD => HINCRBY 2015030310::32::S 32::0::A-Faster::3.1.2 99
38041 [Thread-16-event-statistics] INFO  org.shirdrn.storm.api.common.GenericEventHandler - PlayEndEventHandler:  results=[[indicator=31,strHour=2015030311,osType=0,channel=A-Faster,version=3.1.2], [indicator=32,strHour=2015030311,osType=0,channel=A-Faster,version=3.1.2]]
38042 [Thread-16-event-statistics] INFO  backtype.storm.daemon.task - Emitting: event-statistics default [31, [indicator=31,strHour=2015030311,osType=0,channel=A-Faster,version=3.1.2]]
38043 [Thread-16-event-statistics] INFO  backtype.storm.daemon.task - Emitting: event-statistics default [32, [indicator=32,strHour=2015030311,osType=0,channel=A-Faster,version=3.1.2]]
38043 [Thread-10-event-stat-persistence] INFO  backtype.storm.daemon.executor - Processing received message source: event-statistics:6, stream: default, id: {}, [31, [indicator=31,strHour=2015030311,osType=0,channel=A-Faster,version=3.1.2]]
38043 [Thread-16-event-statistics] INFO  backtype.storm.daemon.executor - Processing received message source: event-filter:2, stream: default, id: {}, [{"event_code":"101010","install_id":"000000HX","udid":"ABCQQQQQQQQQQQQQQQQQQCBA","event_time":"2015-03-03 13:42:46","duration":"301"}]
38043 [Thread-12-event-stat-persistence] INFO  backtype.storm.daemon.executor - Processing received message source: event-statistics:6, stream: default, id: {}, [32, [indicator=32,strHour=2015030311,osType=0,channel=A-Faster,version=3.1.2]]
38045 [Thread-16-event-statistics] INFO  org.shirdrn.storm.api.common.GenericEventHandler - PlayEndEventHandler: indicators=[31, 32]
38073 [DISPATCHER-001] INFO  org.shirdrn.storm.analytics.calculators.PlayAUDurationCalculator - COMMAMD => HSET 2015030311::32::AU 32::0::A-Faster::3.1.2::ABCQQQQQQQQQQQQQQQQQQCBA Y
38074 [DISPATCHER-001] INFO  org.shirdrn.storm.analytics.calculators.PlayAUDurationCalculator - COMMAMD => HINCRBY 2015030311::32::S 32::0::A-Faster::3.1.2 147
38146 [DISPATCHER-001] INFO  org.shirdrn.storm.analytics.calculators.PlayNUDurationCalculator - COMMAMD => HSET 2015030311::31::NU 31::0::A-Faster::3.1.2::ABCQQQQQQQQQQQQQQQQQQCBA Y
38146 [DISPATCHER-001] INFO  org.shirdrn.storm.analytics.calculators.PlayNUDurationCalculator - COMMAMD => HINCRBY 2015030311::31::S 31::0::A-Faster::3.1.2 147
38148 [Thread-16-event-statistics] INFO  org.shirdrn.storm.api.common.GenericEventHandler - PlayEndEventHandler:  results=[[indicator=31,strHour=2015030313,osType=0,channel=A-Faster,version=3.1.2], [indicator=32,strHour=2015030313,osType=0,channel=A-Faster,version=3.1.2]]
38148 [Thread-16-event-statistics] INFO  backtype.storm.daemon.task - Emitting: event-statistics default [31, [indicator=31,strHour=2015030313,osType=0,channel=A-Faster,version=3.1.2]]
38149 [Thread-16-event-statistics] INFO  backtype.storm.daemon.task - Emitting: event-statistics default [32, [indicator=32,strHour=2015030313,osType=0,channel=A-Faster,version=3.1.2]]
38149 [Thread-10-event-stat-persistence] INFO  backtype.storm.daemon.executor - Processing received message source: event-statistics:6, stream: default, id: {}, [31, [indicator=31,strHour=2015030313,osType=0,channel=A-Faster,version=3.1.2]]
38149 [Thread-12-event-stat-persistence] INFO  backtype.storm.daemon.executor - Processing received message source: event-statistics:6, stream: default, id: {}, [32, [indicator=32,strHour=2015030313,osType=0,channel=A-Faster,version=3.1.2]]
38167 [DISPATCHER-001] INFO  org.shirdrn.storm.analytics.calculators.PlayNUDurationCalculator - COMMAMD => HSET 2015030313::31::NU 31::0::A-Faster::3.1.2::ABCQQQQQQQQQQQQQQQQQQCBA Y
38167 [DISPATCHER-001] INFO  org.shirdrn.storm.analytics.calculators.PlayNUDurationCalculator - COMMAMD => HINCRBY 2015030313::31::S 31::0::A-Faster::3.1.2 301
38180 [DISPATCHER-001] INFO  org.shirdrn.storm.analytics.calculators.PlayAUDurationCalculator - COMMAMD => HSET 2015030313::32::AU 32::0::A-Faster::3.1.2::ABCQQQQQQQQQQQQQQQQQQCBA Y
38180 [DISPATCHER-001] INFO  org.shirdrn.storm.analytics.calculators.PlayAUDurationCalculator - COMMAMD => HINCRBY 2015030313::32::S 32::0::A-Faster::3.1.2 301
